This is pdfTeX, Version 3.14159265-2.6-1.40.21 (MiKTeX 2.9.7440 64-bit) (preloaded format=pdflatex 2020.6.7)  11 JUN 2020 03:17
entering extended mode
**./thesis.tex
(thesis.tex
LaTeX2e <2020-02-02> patch level 5
L3 programming layer <2020-06-03>
("C:\Program Files\MiKTeX 2.9\tex/latex/base\report.cls"
Document Class: report 2019/12/20 v1.4l Standard LaTeX document class
("C:\Program Files\MiKTeX 2.9\tex/latex/base\size11.clo"
File: size11.clo 2019/12/20 v1.4l Standard LaTeX file (size option)
)
\c@part=\count167
\c@chapter=\count168
\c@section=\count169
\c@subsection=\count170
\c@subsubsection=\count171
\c@paragraph=\count172
\c@subparagraph=\count173
\c@figure=\count174
\c@table=\count175
\abovecaptionskip=\skip47
\belowcaptionskip=\skip48
\bibindent=\dimen134
)
("C:\Program Files\MiKTeX 2.9\tex/latex/base\inputenc.sty"
Package: inputenc 2018/08/11 v1.3c Input encoding file
\inpenc@prehook=\toks15
\inpenc@posthook=\toks16
)
("C:\Program Files\MiKTeX 2.9\tex/generic/babel\babel.sty"
Package: babel 2020/05/13 3.44 The Babel package

("C:\Program Files\MiKTeX 2.9\tex/generic/babel\babel.def"
File: babel.def 2020/05/13 3.44 Babel common definitions
\babel@savecnt=\count176
\U@D=\dimen135
\l@babelnohyphens=\language79

("C:\Program Files\MiKTeX 2.9\tex/generic/babel\txtbabel.def")
\bbl@readstream=\read2
)
\bbl@dirlevel=\count177

*************************************
* Local config file bblopts.cfg used
*
("C:\Program Files\MiKTeX 2.9\tex/latex/arabi\bblopts.cfg"
File: bblopts.cfg 2005/09/08 v0.1 add Arabic and Farsi to "declared" options of
 babel
)
("C:\Program Files\MiKTeX 2.9\tex/latex/babel-english\english.ldf"
Language: english 2017/06/06 v3.3r English support from the babel system
Package babel Info: \l@canadian = using hyphenrules for english
(babel)             (\language0) on input line 102.
Package babel Info: \l@australian = using hyphenrules for ukenglish
(babel)             (\language73) on input line 105.
Package babel Info: \l@newzealand = using hyphenrules for ukenglish
(babel)             (\language73) on input line 108.
))
("C:\Program Files\MiKTeX 2.9\tex/latex/fancyvrb\fancyvrb.sty"
Package: fancyvrb 2020/05/03 v3.6 verbatim text (tvz,hv)

("C:\Program Files\MiKTeX 2.9\tex/latex/graphics\keyval.sty"
Package: keyval 2014/10/28 v1.15 key=value parser (DPC)
\KV@toks@=\toks17
)
\FV@CodeLineNo=\count178
\FV@InFile=\read3
\FV@TabBox=\box45
\c@FancyVerbLine=\count179
\FV@StepNumber=\count180
\FV@OutFile=\write3
)
("C:\Program Files\MiKTeX 2.9\tex/latex/multirow\multirow.sty"
Package: multirow 2019/05/31 v2.5 Span multiple rows of a table
\multirow@colwidth=\skip49
\multirow@cntb=\count181
\multirow@dima=\skip50
\bigstrutjot=\dimen136
)
("C:\Program Files\MiKTeX 2.9\tex/latex/graphics\rotating.sty"
Package: rotating 2016/08/11 v2.16d rotated objects in LaTeX

("C:\Program Files\MiKTeX 2.9\tex/latex/graphics\graphicx.sty"
Package: graphicx 2019/11/30 v1.2a Enhanced LaTeX Graphics (DPC,SPQR)

("C:\Program Files\MiKTeX 2.9\tex/latex/graphics\graphics.sty"
Package: graphics 2019/11/30 v1.4a Standard LaTeX Graphics (DPC,SPQR)

("C:\Program Files\MiKTeX 2.9\tex/latex/graphics\trig.sty"
Package: trig 2016/01/03 v1.10 sin cos tan (DPC)
)
("C:\Program Files\MiKTeX 2.9\tex/latex/graphics-cfg\graphics.cfg"
File: graphics.cfg 2016/06/04 v1.11 sample graphics configuration
)
Package graphics Info: Driver file: pdftex.def on input line 105.

("C:\Program Files\MiKTeX 2.9\tex/latex/graphics-def\pdftex.def"
File: pdftex.def 2018/01/08 v1.0l Graphics/color driver for pdftex
))
\Gin@req@height=\dimen137
\Gin@req@width=\dimen138
)
("C:\Program Files\MiKTeX 2.9\tex/latex/base\ifthen.sty"
Package: ifthen 2014/09/29 v1.1c Standard LaTeX ifthen package (DPC)
)
\c@r@tfl@t=\count182
\rotFPtop=\skip51
\rotFPbot=\skip52
\rot@float@box=\box46
\rot@mess@toks=\toks18
)
("C:\Program Files\MiKTeX 2.9\tex/latex/slashbox\slashbox.sty"
slashbox style by K.Yasuoka, May 1993.
\@slashboxa=\box47
\@slashboxb=\box48
\@slashboxc=\box49
\@slashboxwd=\count183
\@slashboxht=\count184
\@slashsepl=\dimen139
\@slashsepr=\dimen140
) ("C:\Program Files\MiKTeX 2.9\tex/latex/pict2e\pict2e.sty"
Package: pict2e 2019/08/20 v0.3c Improved picture commands (HjG,RN,JT)

("C:\Program Files\MiKTeX 2.9\tex/latex/pict2e\pict2e.cfg"
File: pict2e.cfg 2016/02/05 v0.1u pict2e configuration for teTeX/TeXLive
)
Package pict2e Info: Driver file: pdftex.def on input line 119.
Package pict2e Info: Driver file for pict2e: p2e-pdftex.def on input line 121.

("C:\Program Files\MiKTeX 2.9\tex/latex/pict2e\p2e-pdftex.def"
File: p2e-pdftex.def 2016/02/05 v0.1u Driver-dependant file (RN,HjG,JT)
)
\pIIe@GRAPH=\toks19
\@arclen=\dimen141
\@arcrad=\dimen142
\@tempdimd=\dimen143
)
("C:\Program Files\MiKTeX 2.9\tex/latex/soul\soul.sty"
Package: soul 2003/11/17 v2.4 letterspacing/underlining (mf)
\SOUL@word=\toks20
\SOUL@lasttoken=\toks21
\SOUL@cmds=\toks22
\SOUL@buffer=\toks23
\SOUL@token=\toks24
\SOUL@spaceskip=\skip53
\SOUL@ttwidth=\dimen144
\SOUL@uldp=\dimen145
\SOUL@ulht=\dimen146
)
("C:\Program Files\MiKTeX 2.9\tex/latex/amsfonts\amssymb.sty"
Package: amssymb 2013/01/14 v3.01 AMS font symbols

("C:\Program Files\MiKTeX 2.9\tex/latex/amsfonts\amsfonts.sty"
Package: amsfonts 2013/01/14 v3.01 Basic AMSFonts support
\@emptytoks=\toks25
\symAMSa=\mathgroup4
\symAMSb=\mathgroup5
LaTeX Font Info:    Redeclaring math symbol \hbar on input line 98.
LaTeX Font Info:    Overwriting math alphabet `\mathfrak' in version `bold'
(Font)                  U/euf/m/n --> U/euf/b/n on input line 106.
))
("C:\Program Files\MiKTeX 2.9\tex/latex/graphics\lscape.sty"
Package: lscape 2000/10/22 v3.01 Landscape Pages (DPC)
)
("C:\Program Files\MiKTeX 2.9\tex/latex/tools\longtable.sty"
Package: longtable 2020/01/07 v4.13 Multi-page Table package (DPC)
\LTleft=\skip54
\LTright=\skip55
\LTpre=\skip56
\LTpost=\skip57
\LTchunksize=\count185
\LTcapwidth=\dimen147
\LT@head=\box50
\LT@firsthead=\box51
\LT@foot=\box52
\LT@lastfoot=\box53
\LT@cols=\count186
\LT@rows=\count187
\c@LT@tables=\count188
\c@LT@chunks=\count189
\LT@p@ftn=\toks26
)
("C:\Program Files\MiKTeX 2.9\tex/latex/base\makeidx.sty"
Package: makeidx 2014/09/29 v1.0m Standard LaTeX package
)
("C:\Program Files\MiKTeX 2.9\tex/latex/amsmath\amsmath.sty"
Package: amsmath 2020/01/20 v2.17e AMS math features
\@mathmargin=\skip58

For additional information on amsmath, use the `?' option.
("C:\Program Files\MiKTeX 2.9\tex/latex/amsmath\amstext.sty"
Package: amstext 2000/06/29 v2.01 AMS text

("C:\Program Files\MiKTeX 2.9\tex/latex/amsmath\amsgen.sty"
File: amsgen.sty 1999/11/30 v2.0 generic functions
\@emptytoks=\toks27
\ex@=\dimen148
))
("C:\Program Files\MiKTeX 2.9\tex/latex/amsmath\amsbsy.sty"
Package: amsbsy 1999/11/29 v1.2d Bold Symbols
\pmbraise@=\dimen149
)
("C:\Program Files\MiKTeX 2.9\tex/latex/amsmath\amsopn.sty"
Package: amsopn 2016/03/08 v2.02 operator names
)
\inf@bad=\count190
LaTeX Info: Redefining \frac on input line 227.
\uproot@=\count191
\leftroot@=\count192
LaTeX Info: Redefining \overline on input line 389.
\classnum@=\count193
\DOTSCASE@=\count194
LaTeX Info: Redefining \ldots on input line 486.
LaTeX Info: Redefining \dots on input line 489.
LaTeX Info: Redefining \cdots on input line 610.
\Mathstrutbox@=\box54
\strutbox@=\box55
\big@size=\dimen150
LaTeX Font Info:    Redeclaring font encoding OML on input line 733.
LaTeX Font Info:    Redeclaring font encoding OMS on input line 734.
\macc@depth=\count195
\c@MaxMatrixCols=\count196
\dotsspace@=\muskip16
\c@parentequation=\count197
\dspbrk@lvl=\count198
\tag@help=\toks28
\row@=\count199
\column@=\count266
\maxfields@=\count267
\andhelp@=\toks29
\eqnshift@=\dimen151
\alignsep@=\dimen152
\tagshift@=\dimen153
\tagwidth@=\dimen154
\totwidth@=\dimen155
\lineht@=\dimen156
\@envbody=\toks30
\multlinegap=\skip59
\multlinetaggap=\skip60
\mathdisplay@stack=\toks31
LaTeX Info: Redefining \[ on input line 2859.
LaTeX Info: Redefining \] on input line 2860.
)
("C:\Program Files\MiKTeX 2.9\tex/latex/makecell\makecell.sty"
Package: makecell 2009/08/03 V0.1e Managing of Tab Column Heads and Cells

("C:\Program Files\MiKTeX 2.9\tex/latex/tools\array.sty"
Package: array 2019/08/31 v2.4l Tabular extension package (FMi)
\col@sep=\dimen157
\ar@mcellbox=\box56
\extrarowheight=\dimen158
\NC@list=\toks32
\extratabsurround=\skip61
\backup@length=\skip62
\ar@cellbox=\box57
)
\rotheadsize=\dimen159
\c@nlinenum=\count268
\TeXr@lab=\toks33
)
("C:\Program Files\MiKTeX 2.9\tex/latex/wrapfig\wrapfig.sty"
\wrapoverhang=\dimen160
\WF@size=\dimen161
\c@WF@wrappedlines=\count269
\WF@box=\box58
\WF@everypar=\toks34
Package: wrapfig 2003/01/31  v 3.6
)
("C:\Program Files\MiKTeX 2.9\tex/latex/float\float.sty"
Package: float 2001/11/08 v1.3d Float enhancements (AL)
\c@float@type=\count270
\float@exts=\toks35
\float@box=\box59
\@float@everytoks=\toks36
\@floatcapt=\box60
)
("C:\Program Files\MiKTeX 2.9\tex/latex/subfig\subfig.sty"
Package: subfig 2005/06/28 ver: 1.3 subfig package

("C:\Program Files\MiKTeX 2.9\tex/latex/caption\caption3.sty"
Package: caption3 2020/05/10 v1.11 caption3 kernel (AR)
Package caption3 Info: TeX engine: e-TeX on input line 61.
\captionmargin=\dimen162
\captionmargin@=\dimen163
\captionwidth=\dimen164
\caption@tempdima=\dimen165
\caption@indent=\dimen166
\caption@parindent=\dimen167
\caption@hangindent=\dimen168
Package caption Info: Standard document class detected.
)
\c@KVtest=\count271
\sf@farskip=\skip63
\sf@captopadj=\dimen169
\sf@capskip=\skip64
\sf@nearskip=\skip65
\c@subfigure=\count272
\c@subfigure@save=\count273
\c@lofdepth=\count274
\c@subtable=\count275
\c@subtable@save=\count276
\c@lotdepth=\count277
\sf@top=\skip66
\sf@bottom=\skip67
) (buics.sty
Package: buics 2015/03/10 0.9f 

Document Style `BUICS Thesis' 0.9f <2015/03/10>
("C:\Program Files\MiKTeX 2.9\tex/generic/iftex\ifpdf.sty"
Package: ifpdf 2019/10/25 v3.4 ifpdf legacy package. Use iftex instead.

("C:\Program Files\MiKTeX 2.9\tex/generic/iftex\iftex.sty"
Package: iftex 2020/03/06 v1.0d TeX engine tests
))
("C:\Program Files\MiKTeX 2.9\tex/latex/base\fontenc.sty"
Package: fontenc 2020/02/11 v2.0o Standard LaTeX package
)
("C:\Program Files\MiKTeX 2.9\tex/latex/geometry\geometry.sty"
Package: geometry 2020/01/02 v5.9 Page Geometry

("C:\Program Files\MiKTeX 2.9\tex/generic/iftex\ifvtex.sty"
Package: ifvtex 2019/10/25 v1.7 ifvtex legacy package. Use iftex instead.
)
\Gm@cnth=\count278
\Gm@cntv=\count279
\c@Gm@tempcnt=\count280
\Gm@bindingoffset=\dimen170
\Gm@wd@mp=\dimen171
\Gm@odd@mp=\dimen172
\Gm@even@mp=\dimen173
\Gm@layoutwidth=\dimen174
\Gm@layoutheight=\dimen175
\Gm@layouthoffset=\dimen176
\Gm@layoutvoffset=\dimen177
\Gm@dimlist=\toks37

("C:\Program Files\MiKTeX 2.9\tex/latex/geometry\geometry.cfg"))
("C:\Program Files\MiKTeX 2.9\tex/latex/psnfss\mathptmx.sty"
Package: mathptmx 2020/03/25 PSNFSS-v9.3 Times w/ Math, improved (SPQR, WaS) 
LaTeX Font Info:    Redeclaring symbol font `operators' on input line 28.
LaTeX Font Info:    Overwriting symbol font `operators' in version `normal'
(Font)                  OT1/cmr/m/n --> OT1/ztmcm/m/n on input line 28.
LaTeX Font Info:    Overwriting symbol font `operators' in version `bold'
(Font)                  OT1/cmr/bx/n --> OT1/ztmcm/m/n on input line 28.
LaTeX Font Info:    Redeclaring symbol font `letters' on input line 29.
LaTeX Font Info:    Overwriting symbol font `letters' in version `normal'
(Font)                  OML/cmm/m/it --> OML/ztmcm/m/it on input line 29.
LaTeX Font Info:    Overwriting symbol font `letters' in version `bold'
(Font)                  OML/cmm/b/it --> OML/ztmcm/m/it on input line 29.
LaTeX Font Info:    Redeclaring symbol font `symbols' on input line 30.
LaTeX Font Info:    Overwriting symbol font `symbols' in version `normal'
(Font)                  OMS/cmsy/m/n --> OMS/ztmcm/m/n on input line 30.
LaTeX Font Info:    Overwriting symbol font `symbols' in version `bold'
(Font)                  OMS/cmsy/b/n --> OMS/ztmcm/m/n on input line 30.
LaTeX Font Info:    Redeclaring symbol font `largesymbols' on input line 31.
LaTeX Font Info:    Overwriting symbol font `largesymbols' in version `normal'
(Font)                  OMX/cmex/m/n --> OMX/ztmcm/m/n on input line 31.
LaTeX Font Info:    Overwriting symbol font `largesymbols' in version `bold'
(Font)                  OMX/cmex/m/n --> OMX/ztmcm/m/n on input line 31.
\symbold=\mathgroup6
\symitalic=\mathgroup7
LaTeX Font Info:    Redeclaring math alphabet \mathbf on input line 34.
LaTeX Font Info:    Overwriting math alphabet `\mathbf' in version `normal'
(Font)                  OT1/cmr/bx/n --> OT1/ptm/bx/n on input line 34.
LaTeX Font Info:    Overwriting math alphabet `\mathbf' in version `bold'
(Font)                  OT1/cmr/bx/n --> OT1/ptm/bx/n on input line 34.
LaTeX Font Info:    Redeclaring math alphabet \mathit on input line 35.
LaTeX Font Info:    Overwriting math alphabet `\mathit' in version `normal'
(Font)                  OT1/cmr/m/it --> OT1/ptm/m/it on input line 35.
LaTeX Font Info:    Overwriting math alphabet `\mathit' in version `bold'
(Font)                  OT1/cmr/bx/it --> OT1/ptm/m/it on input line 35.
LaTeX Info: Redefining \hbar on input line 50.
)
("C:\Program Files\MiKTeX 2.9\tex/latex/courier-scaled\couriers.sty"
Package: couriers 2004/07/10 Scaled Courier (HS) 
)
("C:\Program Files\MiKTeX 2.9\tex/latex/psnfss\helvet.sty"
Package: helvet 2020/03/25 PSNFSS-v9.3 (WaS) 
)
("C:\Program Files\MiKTeX 2.9\tex/latex/url\url.sty"
\Urlmuskip=\muskip17
Package: url 2013/09/16  ver 3.4  Verb mode for urls, etc.
)
("C:\Program Files\MiKTeX 2.9\tex/latex/setspace\setspace.sty"
Package: setspace 2011/12/19 v6.7a set line spacing
)
("C:\Program Files\MiKTeX 2.9\tex/latex/caption\caption.sty"
Package: caption 2020/05/10 v3.4j Customizing captions (AR)
\c@caption@flags=\count281
\c@continuedfloat=\count282
Package caption Info: float package is loaded.
Package caption Info: longtable package is loaded.

("C:\Program Files\MiKTeX 2.9\tex/latex/caption\ltcaption.sty"
Package: ltcaption 2018/08/26 v1.4a longtable captions (AR)
)
Package caption Info: rotating package is loaded.
Package caption Info: wrapfig package is loaded.
)
("C:\Program Files\MiKTeX 2.9\tex/latex/lipsum\lipsum.sty"
("C:\Program Files\MiKTeX 2.9\tex/latex/l3kernel\expl3.sty"
Package: expl3 2020-06-03 L3 programming layer (loader) 

("C:\Program Files\MiKTeX 2.9\tex/latex/l3backend\l3backend-pdfmode.def"
File: l3backend-pdfmode.def 2020-06-03 L3 backend support: PDF mode
\l__kernel_color_stack_int=\count283
\l__pdf_internal_box=\box61
))
("C:\Program Files\MiKTeX 2.9\tex/latex/l3packages/xparse\xparse.sty"
Package: xparse 2020-05-15 L3 Experimental document command parser

("C:\Program Files\MiKTeX 2.9\tex/latex/l3packages/xparse\xparse-generic.tex"
\l__xparse_current_arg_int=\count284
\g__xparse_grabber_int=\count285
\l__xparse_m_args_int=\count286
\l__xparse_v_nesting_int=\count287
))
Package: lipsum 2019/01/02 v2.2 150 paragraphs of Lorem Ipsum dummy text
("C:\Program Files\MiKTeX 2.9\tex/latex/lipsum\lipsum.ltd.tex"
File: lipsum.ltd.tex 2019/01/02 v2.2 The Lorem ipsum dummy text
))
("C:\Program Files\MiKTeX 2.9\tex/latex/hyperref\backref.sty"
Package: backref 2020/01/14 v1.40 Bibliographical back referencing

("C:\Program Files\MiKTeX 2.9\tex/latex/kvoptions\kvoptions.sty"
Package: kvoptions 2019/11/29 v3.13 Key value format for package options (HO)

("C:\Program Files\MiKTeX 2.9\tex/generic/ltxcmds\ltxcmds.sty"
Package: ltxcmds 2019/12/15 v1.24 LaTeX kernel commands for general use (HO)
)
("C:\Program Files\MiKTeX 2.9\tex/generic/kvsetkeys\kvsetkeys.sty"
Package: kvsetkeys 2019/12/15 v1.18 Key value parser (HO)
))
("C:\Program Files\MiKTeX 2.9\tex/latex/rerunfilecheck\rerunfilecheck.sty"
Package: rerunfilecheck 2019/12/05 v1.9 Rerun checks for auxiliary files (HO)

("C:\Program Files\MiKTeX 2.9\tex/generic/infwarerr\infwarerr.sty"
Package: infwarerr 2019/12/03 v1.5 Providing info/warning/error messages (HO)
)
("C:\Program Files\MiKTeX 2.9\tex/latex/pdftexcmds\pdftexcmds.sty"
Package: pdftexcmds 2019/11/24 v0.31 Utility functions of pdfTeX for LuaTeX (HO
)
Package pdftexcmds Info: \pdf@primitive is available.
Package pdftexcmds Info: \pdf@ifprimitive is available.
Package pdftexcmds Info: \pdfdraftmode found.
)
("C:\Program Files\MiKTeX 2.9\tex/latex/atveryend\atveryend.sty"
Package: atveryend 2019-12-11 v1.11 Hooks at the very end of document (HO)
Package atveryend Info: \enddocument detected (standard20110627).
)
("C:\Program Files\MiKTeX 2.9\tex/generic/uniquecounter\uniquecounter.sty"
Package: uniquecounter 2019/12/15 v1.4 Provide unlimited unique counter (HO)

("C:\Program Files\MiKTeX 2.9\tex/generic/bigintcalc\bigintcalc.sty"
Package: bigintcalc 2019/12/15 v1.5 Expandable calculations on big integers (HO
)
))
Package uniquecounter Info: New unique counter `rerunfilecheck' on input line 2
86.
))
("C:\Program Files\MiKTeX 2.9\tex/latex/hyperref\hyperref.sty"
Package: hyperref 2020-05-15 v7.00e Hypertext links for LaTeX

("C:\Program Files\MiKTeX 2.9\tex/generic/kvdefinekeys\kvdefinekeys.sty"
Package: kvdefinekeys 2019-12-19 v1.6 Define keys (HO)
)
("C:\Program Files\MiKTeX 2.9\tex/generic/pdfescape\pdfescape.sty"
Package: pdfescape 2019/12/09 v1.15 Implements pdfTeX's escape features (HO)
)
("C:\Program Files\MiKTeX 2.9\tex/latex/hycolor\hycolor.sty"
Package: hycolor 2020-01-27 v1.10 Color options for hyperref/bookmark (HO)
)
("C:\Program Files\MiKTeX 2.9\tex/latex/letltxmacro\letltxmacro.sty"
Package: letltxmacro 2019/12/03 v1.6 Let assignment for LaTeX macros (HO)
)
("C:\Program Files\MiKTeX 2.9\tex/latex/auxhook\auxhook.sty"
Package: auxhook 2019-12-17 v1.6 Hooks for auxiliary files (HO)
)
\@linkdim=\dimen178
\Hy@linkcounter=\count288
\Hy@pagecounter=\count289

("C:\Program Files\MiKTeX 2.9\tex/latex/hyperref\pd1enc.def"
File: pd1enc.def 2020-05-15 v7.00e Hyperref: PDFDocEncoding definition (HO)
Now handling font encoding PD1 ...
... no UTF-8 mapping file for font encoding PD1
)
("C:\Program Files\MiKTeX 2.9\tex/generic/intcalc\intcalc.sty"
Package: intcalc 2019/12/15 v1.3 Expandable calculations with integers (HO)
)
("C:\Program Files\MiKTeX 2.9\tex/generic/etexcmds\etexcmds.sty"
Package: etexcmds 2019/12/15 v1.7 Avoid name clashes with e-TeX commands (HO)
)
\Hy@SavedSpaceFactor=\count290
Package hyperref Info: Option `plainpages' set `false' on input line 4338.
Package hyperref Info: Option `pdfpagelabels' set `true' on input line 4338.
Package hyperref Info: Option `bookmarks' set `true' on input line 4338.
Package hyperref Info: Option `bookmarksopen' set `true' on input line 4338.
Package hyperref Info: Option `bookmarksnumbered' set `true' on input line 4338
.
Package hyperref Info: Option `breaklinks' set `true' on input line 4338.
Package hyperref Info: Option `linktocpage' set `true' on input line 4338.
Package hyperref Info: Option `colorlinks' set `true' on input line 4338.
Package hyperref Info: Option `hyperindex' set `true' on input line 4338.
Package hyperref Info: Option `hyperfigures' set `true' on input line 4338.
Package hyperref Info: Hyper figures ON on input line 4462.
Package hyperref Info: Link nesting OFF on input line 4469.
Package hyperref Info: Hyper index ON on input line 4472.
Package hyperref Info: Plain pages OFF on input line 4479.
Package hyperref Info: Backreferencing ON on input line 4482.
Package hyperref Info: Implicit mode ON; LaTeX internals redefined.
Package hyperref Info: Bookmarks ON on input line 4717.
\c@Hy@tempcnt=\count291
LaTeX Info: Redefining \url on input line 5076.
\XeTeXLinkMargin=\dimen179

("C:\Program Files\MiKTeX 2.9\tex/generic/bitset\bitset.sty"
Package: bitset 2019/12/09 v1.3 Handle bit-vector datatype (HO)
)
\Fld@menulength=\count292
\Field@Width=\dimen180
\Fld@charsize=\dimen181
Package hyperref Info: Hyper figures ON on input line 6345.
Package hyperref Info: Link nesting OFF on input line 6352.
Package hyperref Info: Hyper index ON on input line 6355.
Package hyperref Info: backreferencing ON on input line 6360.
Package hyperref Info: Link coloring ON on input line 6365.
Package hyperref Info: Link coloring with OCG OFF on input line 6372.
Package hyperref Info: PDF/A mode OFF on input line 6377.
LaTeX Info: Redefining \ref on input line 6417.
LaTeX Info: Redefining \pageref on input line 6421.

("C:\Program Files\MiKTeX 2.9\tex/generic/atbegshi\atbegshi.sty"
Package: atbegshi 2019/12/05 v1.19 At begin shipout hook (HO)
)
\Hy@abspage=\count293
\c@Item=\count294
\c@Hfootnote=\count295
)
Package hyperref Info: Driver: hpdftex.

("C:\Program Files\MiKTeX 2.9\tex/latex/hyperref\hpdftex.def"
File: hpdftex.def 2020-05-15 v7.00e Hyperref driver for pdfTeX
\Fld@listcount=\count296
\c@bookmark@seq@number=\count297
\Hy@SectionHShift=\skip68
)
\@vivatext=\box62
\@supervisorstext=\box63

("C:\Program Files\MiKTeX 2.9\tex/latex/microtype\microtype.sty"
Package: microtype 2019/11/18 v2.7d Micro-typographical refinements (RS)
\MT@toks=\toks38
\MT@count=\count298
LaTeX Info: Redefining \textls on input line 790.
\MT@outer@kern=\dimen182
LaTeX Info: Redefining \textmicrotypecontext on input line 1354.
\MT@listname@count=\count299

("C:\Program Files\MiKTeX 2.9\tex/latex/microtype\microtype-pdftex.def"
File: microtype-pdftex.def 2019/11/18 v2.7d Definitions specific to pdftex (RS)

LaTeX Info: Redefining \lsstyle on input line 914.
LaTeX Info: Redefining \lslig on input line 914.
\MT@outer@space=\skip69
)
Package microtype Info: Loading configuration file microtype.cfg.

("C:\Program Files\MiKTeX 2.9\tex/latex/microtype\microtype.cfg"
File: microtype.cfg 2019/11/18 v2.7d microtype main configuration file (RS)
))
("C:\Program Files\MiKTeX 2.9\tex/latex/fancyhdr\fancyhdr.sty"
Package: fancyhdr 2019/01/31 v3.10 Extensive control of page headers and footer
s
\f@nch@headwidth=\skip70
\f@nch@O@elh=\skip71
\f@nch@O@erh=\skip72
\f@nch@O@olh=\skip73
\f@nch@O@orh=\skip74
\f@nch@O@elf=\skip75
\f@nch@O@erf=\skip76
\f@nch@O@olf=\skip77
\f@nch@O@orf=\skip78
)
Package hyperref Info: Option `plainpages' set `false' on input line 412.
Package hyperref Info: Option `bookmarksopen' set `false' on input line 412.
Package hyperref Info: Option `bookmarksnumbered' set `true' on input line 412.

Package hyperref Info: Option `breaklinks' set `true' on input line 412.
Package hyperref Info: Option `linktocpage' set `true' on input line 412.
Package hyperref Info: Option `colorlinks' set `true' on input line 412.
)
\@indexfile=\write4
\openout4 = `thesis.idx'.


Writing index file thesis.idx
\@input{mymacros.aux}
\openout2 = `mymacros.aux'.

(mymacros.tex) (thesis.aux (abstract.aux) (acknows.aux) (chapter1.aux)
(chapter2.aux) (chapter3.aux) (chapter4.aux) (chapter5.aux) (chapter6.aux)
(chapter7.aux) (appendix1.aux))
\openout1 = `thesis.aux'.

LaTeX Font Info:    Checking defaults for OML/cmm/m/it on input line 98.
LaTeX Font Info:    ... okay on input line 98.
LaTeX Font Info:    Checking defaults for OMS/cmsy/m/n on input line 98.
LaTeX Font Info:    ... okay on input line 98.
LaTeX Font Info:    Checking defaults for OT1/cmr/m/n on input line 98.
LaTeX Font Info:    ... okay on input line 98.
LaTeX Font Info:    Checking defaults for T1/cmr/m/n on input line 98.
LaTeX Font Info:    ... okay on input line 98.
LaTeX Font Info:    Checking defaults for TS1/cmr/m/n on input line 98.
LaTeX Font Info:    ... okay on input line 98.
LaTeX Font Info:    Checking defaults for OMX/cmex/m/n on input line 98.
LaTeX Font Info:    ... okay on input line 98.
LaTeX Font Info:    Checking defaults for U/cmr/m/n on input line 98.
LaTeX Font Info:    ... okay on input line 98.
LaTeX Font Info:    Checking defaults for PD1/pdf/m/n on input line 98.
LaTeX Font Info:    ... okay on input line 98.
LaTeX Font Info:    Trying to load font information for T1+ptm on input line 98
.

("C:\Program Files\MiKTeX 2.9\tex/latex/psnfss\t1ptm.fd"
File: t1ptm.fd 2001/06/04 font definitions for T1/ptm.
)
("C:\Program Files\MiKTeX 2.9\tex/context/base/mkii\supp-pdf.mkii"
[Loading MPS to PDF converter (version 2006.09.02).]
\scratchcounter=\count300
\scratchdimen=\dimen183
\scratchbox=\box64
\nofMPsegments=\count301
\nofMParguments=\count302
\everyMPshowfont=\toks39
\MPscratchCnt=\count303
\MPscratchDim=\dimen184
\MPnumerator=\count304
\makeMPintoPDFobject=\count305
\everyMPtoPDFconversion=\toks40
) ("C:\Program Files\MiKTeX 2.9\tex/latex/epstopdf-pkg\epstopdf-base.sty"
Package: epstopdf-base 2020-01-24 v2.11 Base part for package epstopdf
Package epstopdf-base Info: Redefining graphics rule for `.eps' on input line 4
85.
)
Package caption Info: Begin \AtBeginDocument code.
Package caption Info: subfig package v1.3 is loaded.
Package caption Info: hyperref package is loaded.
Package caption Info: End \AtBeginDocument code.

*geometry* driver: auto-detecting
*geometry* detected driver: pdftex
*geometry* verbose mode - [ preamble ] result:
* driver: pdftex
* paper: a4paper
* layout: <same size as paper>
* layoutoffset:(h,v)=(0.0pt,0.0pt)
* modes: includehead includefoot 
* h-part:(L,W,R)=(99.58464pt, 426.79135pt, 71.13188pt)
* v-part:(T,H,B)=(56.9055pt, 731.23584pt, 56.9055pt)
* \paperwidth=597.50787pt
* \paperheight=845.04684pt
* \textwidth=426.79135pt
* \textheight=661.23584pt
* \oddsidemargin=27.31465pt
* \evensidemargin=27.31465pt
* \topmargin=-15.36449pt
* \headheight=15.5pt
* \headsep=25.0pt
* \topskip=11.0pt
* \footskip=30.0pt
* \marginparwidth=50.0pt
* \marginparsep=10.0pt
* \columnsep=10.0pt
* \skip\footins=10.0pt plus 4.0pt minus 2.0pt
* \hoffset=0.0pt
* \voffset=0.0pt
* \mag=1000
* \@twocolumnfalse
* \@twosidefalse
* \@mparswitchfalse
* \@reversemarginfalse
* (1in=72.27pt=25.4mm, 1cm=28.453pt)

\AtBeginShipoutBox=\box65
("C:\Program Files\MiKTeX 2.9\tex/latex/graphics\color.sty"
Package: color 2019/11/23 v1.2a Standard LaTeX Color (DPC)

("C:\Program Files\MiKTeX 2.9\tex/latex/graphics-cfg\color.cfg"
File: color.cfg 2016/01/02 v1.6 sample color configuration
)
Package color Info: Driver file: pdftex.def on input line 147.
)
Package hyperref Info: Link coloring ON on input line 98.

("C:\Program Files\MiKTeX 2.9\tex/latex/hyperref\nameref.sty"
Package: nameref 2019/09/16 v2.46 Cross-referencing by name of section

("C:\Program Files\MiKTeX 2.9\tex/latex/refcount\refcount.sty"
Package: refcount 2019/12/15 v3.6 Data extraction from label references (HO)
)
("C:\Program Files\MiKTeX 2.9\tex/generic/gettitlestring\gettitlestring.sty"
Package: gettitlestring 2019/12/15 v1.6 Cleanup title references (HO)
)
\c@section@level=\count306
)
LaTeX Info: Redefining \ref on input line 98.
LaTeX Info: Redefining \pageref on input line 98.
LaTeX Info: Redefining \nameref on input line 98.

(thesis.out) (thesis.out)
\@outlinefile=\write5
\openout5 = `thesis.out'.

LaTeX Info: Redefining \microtypecontext on input line 98.
Package microtype Info: Generating PDF output.
Package microtype Info: Character protrusion enabled (level 2).
Package microtype Info: Using default protrusion set `alltext'.
Package microtype Info: Automatic font expansion enabled (level 2),
(microtype)             stretch: 20, shrink: 20, step: 1, non-selected.
Package microtype Info: Using default expansion set `basictext'.
LaTeX Info: Redefining \showhyphens on input line 98.
Package microtype Info: No adjustment of tracking.
Package microtype Info: No adjustment of interword spacing.
Package microtype Info: No adjustment of character kerning.

("C:\Program Files\MiKTeX 2.9\tex/latex/microtype\mt-ptm.cfg"
File: mt-ptm.cfg 2006/04/20 v1.7 microtype config. file: Times (RS)
)
LaTeX Font Info:    Trying to load font information for OT1+ztmcm on input line
 141.

("C:\Program Files\MiKTeX 2.9\tex/latex/psnfss\ot1ztmcm.fd"
File: ot1ztmcm.fd 2000/01/03 Fontinst v1.801 font definitions for OT1/ztmcm.
)
Package microtype Info: Loading generic protrusion settings for font family
(microtype)             `ztmcm' (encoding: OT1).
(microtype)             For optimal results, create family-specific settings.
(microtype)             See the microtype manual for details.
LaTeX Font Info:    Trying to load font information for OML+ztmcm on input line
 141.

("C:\Program Files\MiKTeX 2.9\tex/latex/psnfss\omlztmcm.fd"
File: omlztmcm.fd 2000/01/03 Fontinst v1.801 font definitions for OML/ztmcm.
)
LaTeX Font Info:    Trying to load font information for OMS+ztmcm on input line
 141.

("C:\Program Files\MiKTeX 2.9\tex/latex/psnfss\omsztmcm.fd"
File: omsztmcm.fd 2000/01/03 Fontinst v1.801 font definitions for OMS/ztmcm.
)
LaTeX Font Info:    Trying to load font information for OMX+ztmcm on input line
 141.

("C:\Program Files\MiKTeX 2.9\tex/latex/psnfss\omxztmcm.fd"
File: omxztmcm.fd 2000/01/03 Fontinst v1.801 font definitions for OMX/ztmcm.
)
("C:\Program Files\MiKTeX 2.9\tex/latex/microtype\mt-msa.cfg"
File: mt-msa.cfg 2006/02/04 v1.1 microtype config. file: AMS symbols (a) (RS)
)
("C:\Program Files\MiKTeX 2.9\tex/latex/microtype\mt-msb.cfg"
File: mt-msb.cfg 2005/06/01 v1.0 microtype config. file: AMS symbols (b) (RS)
)
LaTeX Font Info:    Trying to load font information for OT1+ptm on input line 1
41.

("C:\Program Files\MiKTeX 2.9\tex/latex/psnfss\ot1ptm.fd"
File: ot1ptm.fd 2001/06/04 font definitions for OT1/ptm.
)
LaTeX Font Info:    Font shape `OT1/ptm/bx/n' in size <12> not available
(Font)              Font shape `OT1/ptm/b/n' tried instead on input line 141.
LaTeX Font Info:    Font shape `OT1/ptm/bx/n' in size <9> not available
(Font)              Font shape `OT1/ptm/b/n' tried instead on input line 141.
LaTeX Font Info:    Font shape `OT1/ptm/bx/n' in size <7> not available
(Font)              Font shape `OT1/ptm/b/n' tried instead on input line 141.
\@crestbox=\box66
<figures/AU-Logo.png, id=283, 903.375pt x 674.52pt>
File: figures/AU-Logo.png Graphic file (type png)
<use figures/AU-Logo.png>
Package pdftex.def Info: figures/AU-Logo.png  used on input line 149.
(pdftex.def)             Requested size: 180.6718pt x 134.90161pt.
 [-3




{C:/Users/usama/AppData/Local/MiKTeX/2.9/pdftex/config/pdftex.map} <./figures/A
U-Logo.png>]
[-2



]
\openout2 = `abstract.aux'.

 (abstract.tex) [1



]
\openout2 = `acknows.aux'.

 (acknows.tex) [2



] (thesis.toc [3



])
\tf@toc=\write6
\openout6 = `thesis.toc'.

 [4] (thesis.lof)
\tf@lof=\write7
\openout7 = `thesis.lof'.


[5


] (thesis.lot)
\tf@lot=\write8
\openout8 = `thesis.lot'.

 [6


]
\openout2 = `chapter1.aux'.

 (chapter1.tex
Chapter 1.
[1



]
LaTeX Font Info:    Trying to load font information for TS1+ptm on input line 2
3.
 ("C:\Program Files\MiKTeX 2.9\tex/latex/psnfss\ts1ptm.fd"
File: ts1ptm.fd 2001/06/04 font definitions for TS1/ptm.
) [2]) [3]
\openout2 = `chapter2.aux'.


(chapter2.tex
Chapter 2.
[4



]) [5]
\openout2 = `chapter3.aux'.

 (chapter3.tex
Chapter 3.

Package hyperref Warning: Difference (2) between bookmark levels is greater 
(hyperref)                than one, level fixed on input line 5.

[6



]
<figures/TableFR1.png, id=442, 679.78969pt x 298.11375pt>
File: figures/TableFR1.png Graphic file (type png)
<use figures/TableFR1.png>
Package pdftex.def Info: figures/TableFR1.png  used on input line 42.
(pdftex.def)             Requested size: 341.43437pt x 149.72974pt.
<figures/TableFR2.png, id=443, 681.29532pt x 292.09125pt>
File: figures/TableFR2.png Graphic file (type png)
<use figures/TableFR2.png>
Package pdftex.def Info: figures/TableFR2.png  used on input line 48.
(pdftex.def)             Requested size: 341.43437pt x 146.38397pt.
<figures/TableFR3.png, id=444, 681.29532pt x 292.09125pt>
File: figures/TableFR3.png Graphic file (type png)
<use figures/TableFR3.png>
Package pdftex.def Info: figures/TableFR3.png  used on input line 54.
(pdftex.def)             Requested size: 341.43437pt x 146.38397pt.
<figures/TableFR4.png, id=445, 684.30656pt x 293.59688pt>
File: figures/TableFR4.png Graphic file (type png)
<use figures/TableFR4.png>
Package pdftex.def Info: figures/TableFR4.png  used on input line 60.
(pdftex.def)             Requested size: 341.43437pt x 146.49342pt.
<figures/TableFR5.png, id=446, 682.80093pt x 293.59688pt>
File: figures/TableFR5.png Graphic file (type png)
<use figures/TableFR5.png>
Package pdftex.def Info: figures/TableFR5.png  used on input line 66.
(pdftex.def)             Requested size: 341.43437pt x 146.81598pt.
<figures/TableFR6.png, id=447, 683.55376pt x 298.86656pt>
File: figures/TableFR6.png Graphic file (type png)
<use figures/TableFR6.png>
Package pdftex.def Info: figures/TableFR6.png  used on input line 72.
(pdftex.def)             Requested size: 341.43437pt x 149.28697pt.
<figures/TableFR7.png, id=448, 683.55376pt x 293.59688pt>
File: figures/TableFR7.png Graphic file (type png)
<use figures/TableFR7.png>
Package pdftex.def Info: figures/TableFR7.png  used on input line 78.
(pdftex.def)             Requested size: 341.43437pt x 146.65471pt.
<figures/TableFR8.png, id=449, 683.55376pt x 293.59688pt>
File: figures/TableFR8.png Graphic file (type png)
<use figures/TableFR8.png>
Package pdftex.def Info: figures/TableFR8.png  used on input line 84.
(pdftex.def)             Requested size: 341.43437pt x 146.65471pt.
<figures/TableFR9.png, id=450, 682.04813pt x 293.59688pt>
File: figures/TableFR9.png Graphic file (type png)
<use figures/TableFR9.png>
Package pdftex.def Info: figures/TableFR9.png  used on input line 90.
(pdftex.def)             Requested size: 341.43437pt x 146.97726pt.
<figures/TableNFR1.png, id=451, 681.29532pt x 112.92188pt>
File: figures/TableNFR1.png Graphic file (type png)
<use figures/TableNFR1.png>
Package pdftex.def Info: figures/TableNFR1.png  used on input line 98.
(pdftex.def)             Requested size: 341.43437pt x 56.59174pt.
<figures/TableNFR2.png, id=452, 682.04813pt x 112.92188pt>
File: figures/TableNFR2.png Graphic file (type png)
<use figures/TableNFR2.png>
Package pdftex.def Info: figures/TableNFR2.png  used on input line 104.
(pdftex.def)             Requested size: 341.43437pt x 56.52971pt.
<figures/TableNFR3.png, id=453, 683.55376pt x 113.67468pt>
File: figures/TableNFR3.png Graphic file (type png)
<use figures/TableNFR3.png>
Package pdftex.def Info: figures/TableNFR3.png  used on input line 110.
(pdftex.def)             Requested size: 341.43437pt x 56.78168pt.
<figures/TableNFR4.png, id=454, 683.55376pt x 115.18031pt>
File: figures/TableNFR4.png Graphic file (type png)
<use figures/TableNFR4.png>
Package pdftex.def Info: figures/TableNFR4.png  used on input line 116.
(pdftex.def)             Requested size: 341.43437pt x 57.53375pt.
<figures/TableNFR5.png, id=455, 682.04813pt x 118.19156pt>
File: figures/TableNFR5.png Graphic file (type png)
<use figures/TableNFR5.png>
Package pdftex.def Info: figures/TableNFR5.png  used on input line 122.
(pdftex.def)             Requested size: 341.43437pt x 59.16777pt.
<figures/TableNFR6.png, id=456, 682.80093pt x 113.67468pt>
File: figures/TableNFR6.png Graphic file (type png)
<use figures/TableNFR6.png>
Package pdftex.def Info: figures/TableNFR6.png  used on input line 128.
(pdftex.def)             Requested size: 341.43437pt x 56.84413pt.
<figures/TableNFR7.png, id=457, 679.78969pt x 112.16907pt>
File: figures/TableNFR7.png Graphic file (type png)
<use figures/TableNFR7.png>
Package pdftex.def Info: figures/TableNFR7.png  used on input line 134.
(pdftex.def)             Requested size: 341.43437pt x 56.33769pt.
<figures/UseCaseDiagram.png, id=458, 726.3135pt x 549.252pt>
File: figures/UseCaseDiagram.png Graphic file (type png)
<use figures/UseCaseDiagram.png>
Package pdftex.def Info: figures/UseCaseDiagram.png  used on input line 140.
(pdftex.def)             Requested size: 426.79135pt x 322.75684pt.
<figures/TableUC1.png, id=459, 441.90094pt x 314.67563pt>
File: figures/TableUC1.png Graphic file (type png)
<use figures/TableUC1.png>
Package pdftex.def Info: figures/TableUC1.png  used on input line 149.
(pdftex.def)             Requested size: 341.43437pt x 243.14604pt.
<figures/TableUC2.png, id=460, 441.90094pt x 313.17pt>
File: figures/TableUC2.png Graphic file (type png)
<use figures/TableUC2.png>
Package pdftex.def Info: figures/TableUC2.png  used on input line 154.
(pdftex.def)             Requested size: 341.43437pt x 241.98267pt.
<figures/TableUC3.png, id=461, 441.90094pt x 312.41719pt>
File: figures/TableUC3.png Graphic file (type png)
<use figures/TableUC3.png>
Package pdftex.def Info: figures/TableUC3.png  used on input line 160.
(pdftex.def)             Requested size: 341.43437pt x 241.40097pt.
<figures/TableUC4.png, id=462, 442.65375pt x 313.9228pt>
File: figures/TableUC4.png Graphic file (type png)
<use figures/TableUC4.png>
Package pdftex.def Info: figures/TableUC4.png  used on input line 166.
(pdftex.def)             Requested size: 341.43437pt x 242.1524pt.
<figures/TableUC5.png, id=463, 442.65375pt x 313.17pt>
File: figures/TableUC5.png Graphic file (type png)
<use figures/TableUC5.png>
Package pdftex.def Info: figures/TableUC5.png  used on input line 172.
(pdftex.def)             Requested size: 341.43437pt x 241.5717pt.
<figures/TableUC6.png, id=464, 442.65375pt x 313.17pt>
File: figures/TableUC6.png Graphic file (type png)
<use figures/TableUC6.png>
Package pdftex.def Info: figures/TableUC6.png  used on input line 178.
(pdftex.def)             Requested size: 341.43437pt x 241.5717pt.
<figures/TableUC7.png, id=465, 441.14813pt x 318.43968pt>
File: figures/TableUC7.png Graphic file (type png)
<use figures/TableUC7.png>
Package pdftex.def Info: figures/TableUC7.png  used on input line 184.
(pdftex.def)             Requested size: 341.43437pt x 246.47237pt.
<figures/TableUC8.png, id=466, 441.14813pt x 312.41719pt>
File: figures/TableUC8.png Graphic file (type png)
<use figures/TableUC8.png>
Package pdftex.def Info: figures/TableUC8.png  used on input line 190.
(pdftex.def)             Requested size: 341.43437pt x 241.81094pt.
<figures/TableUC9.png, id=467, 442.65375pt x 313.17pt>
File: figures/TableUC9.png Graphic file (type png)
<use figures/TableUC9.png>
Package pdftex.def Info: figures/TableUC9.png  used on input line 196.
(pdftex.def)             Requested size: 341.43437pt x 241.5717pt.
<figures/TableUC10.png, id=468, 442.65375pt x 313.9228pt>
File: figures/TableUC10.png Graphic file (type png)
<use figures/TableUC10.png>
Package pdftex.def Info: figures/TableUC10.png  used on input line 202.
(pdftex.def)             Requested size: 341.43437pt x 242.1524pt.
<figures/TableUC11.png, id=469, 441.14813pt x 314.67563pt>
File: figures/TableUC11.png Graphic file (type png)
<use figures/TableUC11.png>
Package pdftex.def Info: figures/TableUC11.png  used on input line 208.
(pdftex.def)             Requested size: 341.43437pt x 243.55898pt.
) [7 <./figures/TableFR1.png> <./figures/TableFR2.png>] [8 <./figures/TableFR3.
png> <./figures/TableFR4.png> <./figures/TableFR5.png>] [9 <./figures/TableFR6.
png> <./figures/TableFR7.png> <./figures/TableFR8.png>] [10 <./figures/TableFR9
.png> <./figures/TableNFR1.png> <./figures/TableNFR2.png> <./figures/TableNFR3.
png> <./figures/TableNFR4.png> <./figures/TableNFR5.png>] [11 <./figures/TableN
FR6.png> <./figures/TableNFR7.png> <./figures/UseCaseDiagram.png>] [12 <./figur
es/TableUC1.png> <./figures/TableUC2.png>] [13 <./figures/TableUC3.png> <./figu
res/TableUC4.png>] [14 <./figures/TableUC5.png> <./figures/TableUC6.png>]
[15 <./figures/TableUC7.png> <./figures/TableUC8.png>] [16 <./figures/TableUC9.
png> <./figures/TableUC10.png>] [17 <./figures/TableUC11.png>]
\openout2 = `chapter4.aux'.

 (chapter4.tex
Chapter 4.
<figures/SystemArchitecture.png, id=597, 679.94025pt x 396.2805pt>
File: figures/SystemArchitecture.png Graphic file (type png)
<use figures/SystemArchitecture.png>
Package pdftex.def Info: figures/SystemArchitecture.png  used on input line 11.

(pdftex.def)             Requested size: 512.14832pt x 298.4855pt.

Overfull \hbox (85.35696pt too wide) in paragraph at lines 11--12
 [] 
 []

<figures/SubSystem.png, id=598, 635.976pt x 518.53725pt>
File: figures/SubSystem.png Graphic file (type png)
<use figures/SubSystem.png>
Package pdftex.def Info: figures/SubSystem.png  used on input line 17.
(pdftex.def)             Requested size: 426.79135pt x 347.97992pt.
[18



 <./figures/SystemArchitecture.png>] [19 <./figures/SubSystem.png>]
<figures/PackageDiagram.png, id=608, 715.92468pt x 354.57469pt>
File: figures/PackageDiagram.png Graphic file (type png)
<use figures/PackageDiagram.png>
Package pdftex.def Info: figures/PackageDiagram.png  used on input line 41.
(pdftex.def)             Requested size: 426.79135pt x 211.37762pt.
 [20 <./figures/PackageDiagram.png>]
<figures/InteractionDiagram.png, id=614, 481.19775pt x 765.45975pt>
File: figures/InteractionDiagram.png Graphic file (type png)
<use figures/InteractionDiagram.png>
Package pdftex.def Info: figures/InteractionDiagram.png  used on input line 49.

(pdftex.def)             Requested size: 426.79616pt x 678.92105pt.


LaTeX Warning: Float too large for page by 71.54439pt on input line 52.

<figures/DeploymentDiagram.png, id=615, 701.019pt x 434.22224pt>
File: figures/DeploymentDiagram.png Graphic file (type png)
<use figures/DeploymentDiagram.png>
Package pdftex.def Info: figures/DeploymentDiagram.png  used on input line 57.
(pdftex.def)             Requested size: 426.79732pt x 264.36499pt.
<figures/LowLevelDesign.png, id=616, 589.60275pt x 504.6855pt>
File: figures/LowLevelDesign.png Graphic file (type png)
<use figures/LowLevelDesign.png>
Package pdftex.def Info: figures/LowLevelDesign.png  used on input line 78.
(pdftex.def)             Requested size: 455.24605pt x 389.67946pt.

Overfull \hbox (28.4547pt too wide) in paragraph at lines 78--79
 [] 
 []

<figures/S1.jpeg, id=617, 624.3325pt x 1284.8pt>
File: figures/S1.jpeg Graphic file (type jpg)
<use figures/S1.jpeg>
Package pdftex.def Info: figures/S1.jpeg  used on input line 98.
(pdftex.def)             Requested size: 144.54pt x 297.43863pt.
<figures/S2.jpeg, id=618, 624.3325pt x 1284.8pt>
File: figures/S2.jpeg Graphic file (type jpg)
<use figures/S2.jpeg>
Package pdftex.def Info: figures/S2.jpeg  used on input line 99.
(pdftex.def)             Requested size: 144.54pt x 297.43863pt.
<figures/S3.jpeg, id=619, 624.3325pt x 1284.8pt>
File: figures/S3.jpeg Graphic file (type jpg)
<use figures/S3.jpeg>
Package pdftex.def Info: figures/S3.jpeg  used on input line 106.
(pdftex.def)             Requested size: 144.54pt x 297.43863pt.
<figures/S4.jpeg, id=620, 1445.4pt x 2971.1pt>
File: figures/S4.jpeg Graphic file (type jpg)
<use figures/S4.jpeg>
Package pdftex.def Info: figures/S4.jpeg  used on input line 107.
(pdftex.def)             Requested size: 144.54pt x 297.08208pt.
<figures/S5.jpeg, id=621, 1445.4pt x 2971.1pt>
File: figures/S5.jpeg Graphic file (type jpg)
<use figures/S5.jpeg>
Package pdftex.def Info: figures/S5.jpeg  used on input line 113.
(pdftex.def)             Requested size: 144.54pt x 297.08208pt.
<figures/S6.jpeg, id=622, 1445.4pt x 2971.1pt>
File: figures/S6.jpeg Graphic file (type jpg)
<use figures/S6.jpeg>
Package pdftex.def Info: figures/S6.jpeg  used on input line 119.
(pdftex.def)             Requested size: 144.54pt x 297.08208pt.
<figures/S7.jpeg, id=623, 624.3325pt x 1284.8pt>
File: figures/S7.jpeg Graphic file (type jpg)
<use figures/S7.jpeg>
Package pdftex.def Info: figures/S7.jpeg  used on input line 120.
(pdftex.def)             Requested size: 144.54pt x 297.43863pt.
<figures/S8.jpg, id=624, 1445.4pt x 2971.1pt>
File: figures/S8.jpg Graphic file (type jpg)
<use figures/S8.jpg>
Package pdftex.def Info: figures/S8.jpg  used on input line 123.
(pdftex.def)             Requested size: 144.54pt x 297.08208pt.
<figures/S9.jpeg, id=625, 1445.4pt x 2971.1pt>
File: figures/S9.jpeg Graphic file (type jpg)
<use figures/S9.jpeg>
Package pdftex.def Info: figures/S9.jpeg  used on input line 124.
(pdftex.def)             Requested size: 144.54pt x 297.08208pt.

LaTeX Warning: Float too large for page by 1.08797pt on input line 126.

<figures/S10.jpeg, id=626, 1445.4pt x 2971.1pt>
File: figures/S10.jpeg Graphic file (type jpg)
<use figures/S10.jpeg>
Package pdftex.def Info: figures/S10.jpeg  used on input line 131.
(pdftex.def)             Requested size: 144.54pt x 297.08208pt.
<figures/S11.jpeg, id=627, 624.3325pt x 1284.8pt>
File: figures/S11.jpeg Graphic file (type jpg)
<use figures/S11.jpeg>
Package pdftex.def Info: figures/S11.jpeg  used on input line 132.
(pdftex.def)             Requested size: 144.54pt x 297.43863pt.
<figures/S12.jpeg, id=628, 1445.4pt x 2971.1pt>
File: figures/S12.jpeg Graphic file (type jpg)
<use figures/S12.jpeg>
Package pdftex.def Info: figures/S12.jpeg  used on input line 135.
(pdftex.def)             Requested size: 144.54pt x 297.08208pt.
<figures/S13.jpg, id=629, 624.3325pt x 1284.8pt>
File: figures/S13.jpg Graphic file (type jpg)
<use figures/S13.jpg>
Package pdftex.def Info: figures/S13.jpg  used on input line 136.
(pdftex.def)             Requested size: 144.54pt x 297.43863pt.

LaTeX Warning: Float too large for page by 1.44452pt on input line 138.

<figures/S14.jpeg, id=630, 624.3325pt x 1284.8pt>
File: figures/S14.jpeg Graphic file (type jpg)
<use figures/S14.jpeg>
Package pdftex.def Info: figures/S14.jpeg  used on input line 142.
(pdftex.def)             Requested size: 144.54pt x 297.43863pt.
<figures/S15.jpeg, id=631, 624.3325pt x 1284.8pt>
File: figures/S15.jpeg Graphic file (type jpg)
<use figures/S15.jpeg>
Package pdftex.def Info: figures/S15.jpeg  used on input line 143.
(pdftex.def)             Requested size: 144.54pt x 297.43863pt.
<figures/S16.jpeg, id=632, 1445.4pt x 2971.1pt>
File: figures/S16.jpeg Graphic file (type jpg)
<use figures/S16.jpeg>
Package pdftex.def Info: figures/S16.jpeg  used on input line 149.
(pdftex.def)             Requested size: 144.54pt x 297.08208pt.
) [21 <./figures/InteractionDiagram.png>] [22 <./figures/DeploymentDiagram.png>
] [23 <./figures/LowLevelDesign.png>] [24 <./figures/S1.jpeg> <./figures/S2.jpe
g>] [25pdfTeX warning (ext4): destination with the same identifier (name{subfig
ure.4.7.1}) has been already used, duplicate ignored

\AtBegShi@Output ...ipout \box \AtBeginShipoutBox 
                                                  \fi \fi 
l.180 \include{chapter4}
                        pdfTeX warning (ext4): destination with the same identi
fier (name{subfigure.4.7.2}) has been already used, duplicate ignored

\AtBegShi@Output ...ipout \box \AtBeginShipoutBox 
                                                  \fi \fi 
l.180 \include{chapter4}
                        pdfTeX warning (ext4): destination with the same identi
fier (name{subfigure.4.7.1}) has been already used, duplicate ignored

\AtBegShi@Output ...ipout \box \AtBeginShipoutBox 
                                                  \fi \fi 
l.180 \include{chapter4}
                         <./figures/S3.jpeg> <./figures/S4.jpeg> <./figures/S5.
jpeg>] [26pdfTeX warning (ext4): destination with the same identifier (name{sub
figure.4.7.1}) has been already used, duplicate ignored

\AtBegShi@Output ...ipout \box \AtBeginShipoutBox 
                                                  \fi \fi 
l.180 \include{chapter4}
                        pdfTeX warning (ext4): destination with the same identi
fier (name{subfigure.4.7.2}) has been already used, duplicate ignored

\AtBegShi@Output ...ipout \box \AtBeginShipoutBox 
                                                  \fi \fi 
l.180 \include{chapter4}
                         <./figures/S6.jpeg> <./figures/S7.jpeg> <./figures/S8.
jpg> <./figures/S9.jpeg>] [27pdfTeX warning (ext4): destination with the same i
dentifier (name{subfigure.4.7.1}) has been already used, duplicate ignored

\AtBegShi@Output ...ipout \box \AtBeginShipoutBox 
                                                  \fi \fi 
l.180 \include{chapter4}
                        pdfTeX warning (ext4): destination with the same identi
fier (name{subfigure.4.7.2}) has been already used, duplicate ignored

\AtBegShi@Output ...ipout \box \AtBeginShipoutBox 
                                                  \fi \fi 
l.180 \include{chapter4}
                        pdfTeX warning (ext4): destination with the same identi
fier (name{subfigure.4.7.3}) has been already used, duplicate ignored

\AtBegShi@Output ...ipout \box \AtBeginShipoutBox 
                                                  \fi \fi 
l.180 \include{chapter4}
                        pdfTeX warning (ext4): destination with the same identi
fier (name{subfigure.4.7.4}) has been already used, duplicate ignored

\AtBegShi@Output ...ipout \box \AtBeginShipoutBox 
                                                  \fi \fi 
l.180 \include{chapter4}
                         <./figures/S10.jpeg> <./figures/S11.jpeg> <./figures/S
12.jpeg> <./figures/S13.jpg>] [28pdfTeX warning (ext4): destination with the sa
me identifier (name{subfigure.4.7.1}) has been already used, duplicate ignored

\AtBegShi@Output ...ipout \box \AtBeginShipoutBox 
                                                  \fi \fi 
l.180 \include{chapter4}
                        pdfTeX warning (ext4): destination with the same identi
fier (name{subfigure.4.7.2}) has been already used, duplicate ignored

\AtBegShi@Output ...ipout \box \AtBeginShipoutBox 
                                                  \fi \fi 
l.180 \include{chapter4}
                        pdfTeX warning (ext4): destination with the same identi
fier (name{subfigure.4.7.1}) has been already used, duplicate ignored

\AtBegShi@Output ...ipout \box \AtBeginShipoutBox 
                                                  \fi \fi 
l.180 \include{chapter4}
                         <./figures/S14.jpeg> <./figures/S15.jpeg> <./figures/S
16.jpeg>]
\openout2 = `chapter5.aux'.

 (chapter5.tex
Chapter 5.
<figures/SystemArchitectureCH5.png, id=681, 701.019pt x 506.49225pt>
File: figures/SystemArchitectureCH5.png Graphic file (type png)
<use figures/SystemArchitectureCH5.png>
Package pdftex.def Info: figures/SystemArchitectureCH5.png  used on input line 
11.
(pdftex.def)             Requested size: 341.43437pt x 246.69179pt.
[29




 <./figures/SystemArchitectureCH5.png>] [30] [31]
<figures/DB.jpg, id=696, 648.17157pt x 271.0125pt>
File: figures/DB.jpg Graphic file (type jpg)
<use figures/DB.jpg>
Package pdftex.def Info: figures/DB.jpg  used on input line 85.
(pdftex.def)             Requested size: 512.14832pt x 214.15128pt.

Overfull \hbox (85.35696pt too wide) in paragraph at lines 85--86
 [] 
 []

[32 <./figures/DB.jpg>] [33]) [34]
\openout2 = `chapter6.aux'.

 (chapter6.tex
Chapter 6.
<figures/UITesting1.png, id=709, 473.51906pt x 339.51843pt>
File: figures/UITesting1.png Graphic file (type png)
<use figures/UITesting1.png>
Package pdftex.def Info: figures/UITesting1.png  used on input line 10.
(pdftex.def)             Requested size: 341.43437pt x 244.82089pt.
<figures/UsabilityTesting1.png, id=710, 347.79938pt x 369.63094pt>
File: figures/UsabilityTesting1.png Graphic file (type png)
<use figures/UsabilityTesting1.png>
Package pdftex.def Info: figures/UsabilityTesting1.png  used on input line 17.
(pdftex.def)             Requested size: 341.43437pt x 362.8788pt.
<figures/UsabilityTesting2.png, id=711, 343.2825pt x 286.06876pt>
File: figures/UsabilityTesting2.png Graphic file (type png)
<use figures/UsabilityTesting2.png>
Package pdftex.def Info: figures/UsabilityTesting2.png  used on input line 18.
(pdftex.def)             Requested size: 341.43437pt x 284.52718pt.

LaTeX Warning: Float too large for page by 5.32867pt on input line 19.

<figures/UsabilityTesting3.png, id=712, 345.54094pt x 155.07938pt>
File: figures/UsabilityTesting3.png Graphic file (type png)
<use figures/UsabilityTesting3.png>
Package pdftex.def Info: figures/UsabilityTesting3.png  used on input line 23.
(pdftex.def)             Requested size: 341.43437pt x 153.23798pt.
<figures/PFTesting.png, id=713, 348.55219pt x 146.04562pt>
File: figures/PFTesting.png Graphic file (type png)
<use figures/PFTesting.png>
Package pdftex.def Info: figures/PFTesting.png  used on input line 30.
(pdftex.def)             Requested size: 341.43437pt x 143.07022pt.
<figures/CompatibilityTesting.png, id=714, 346.29375pt x 126.4725pt>
File: figures/CompatibilityTesting.png Graphic file (type png)
<use figures/CompatibilityTesting.png>
Package pdftex.def Info: figures/CompatibilityTesting.png  used on input line 3
7.
(pdftex.def)             Requested size: 341.43437pt x 124.7006pt.
<figures/EHTesting.png, id=715, 347.04657pt x 240.14719pt>
File: figures/EHTesting.png Graphic file (type png)
<use figures/EHTesting.png>
Package pdftex.def Info: figures/EHTesting.png  used on input line 44.
(pdftex.def)             Requested size: 341.43437pt x 236.27336pt.
<figures/SecurityTesting.png, id=716, 347.04657pt x 249.18094pt>
File: figures/SecurityTesting.png Graphic file (type png)
<use figures/SecurityTesting.png>
Package pdftex.def Info: figures/SecurityTesting.png  used on input line 51.
(pdftex.def)             Requested size: 341.43437pt x 245.16139pt.
<figures/InstallationTesting.png, id=717, 347.79938pt x 115.93312pt>
File: figures/InstallationTesting.png Graphic file (type png)
<use figures/InstallationTesting.png>
Package pdftex.def Info: figures/InstallationTesting.png  used on input line 58
.
(pdftex.def)             Requested size: 341.43437pt x 113.81534pt.
) [35



 <./figures/UITesting1.png>] [36 <./figures/UsabilityTesting1.png> <./figures/U
sabilityTesting2.png>] [37 <./figures/UsabilityTesting3.png> <./figures/PFTesti
ng.png> <./figures/CompatibilityTesting.png>] [38 <./figures/EHTesting.png> <./
figures/SecurityTesting.png>] [39 <./figures/InstallationTesting.png>]
\openout2 = `chapter7.aux'.


(chapter7.tex
Chapter 7.
[40



]) [41]
\openout2 = `appendix1.aux'.

 (appendix1.tex
Appendix A.
) [42



] (thesis.bbl (thesis.brf)
\tf@brf=\write9
\openout9 = `thesis.brf'.

) [43



] (thesis.ind)
Package atveryend Info: Empty hook `BeforeClearDocument' on input line 207.
Package atveryend Info: Empty hook `AfterLastShipout' on input line 207.
 (thesis.aux (abstract.aux)
(acknows.aux) (chapter1.aux) (chapter2.aux) (chapter3.aux) (chapter4.aux)
(chapter5.aux) (chapter6.aux) (chapter7.aux) (appendix1.aux))
Package atveryend Info: Executing hook `AtVeryEndDocument' on input line 207.
Package atveryend Info: Executing hook `AtEndAfterFileList' on input line 207.
Package rerunfilecheck Info: File `thesis.out' has not changed.
(rerunfilecheck)             Checksum: AA25B77D00F1C002C76C138F1290AEFC;4843.
Package rerunfilecheck Info: File `thesis.brf' has not changed.
(rerunfilecheck)             Checksum: D41D8CD98F00B204E9800998ECF8427E;0.
Package atveryend Info: Empty hook `AtVeryVeryEnd' on input line 207.
 ) 
Here is how much of TeX's memory you used:
 14123 strings out of 480797
 225416 string characters out of 2905362
 630523 words of memory out of 3000000
 29311 multiletter control sequences out of 15000+200000
 603766 words of font info for 203 fonts, out of 3000000 for 9000
 1141 hyphenation exceptions out of 8191
 47i,11n,54p,1573b,570s stack positions out of 5000i,500n,10000p,200000b,50000s
{C:/Program Files/MiKTeX 2.9/fonts/enc/dvips/base/8r.enc}<C:/Program Files/Mi
KTeX 2.9/fonts/type1/urw/times/utmb8a.pfb><C:/Program Files/MiKTeX 2.9/fonts/ty
pe1/urw/times/utmr8a.pfb><C:/Program Files/MiKTeX 2.9/fonts/type1/urw/times/utm
r8a.pfb><C:/Program Files/MiKTeX 2.9/fonts/type1/urw/times/utmri8a.pfb>
Output written on thesis.pdf (51 pages, 2871307 bytes).
PDF statistics:
 854 PDF objects out of 1000 (max. 8388607)
 232 named destinations out of 1000 (max. 500000)
 39783 words of extra memory for PDF output out of 42996 (max. 10000000)

