\BOOKMARK [0][-]{init.0}{Front Page}{}% 1
\BOOKMARK [0][-]{chapter*.1}{Abstract}{}% 2
\BOOKMARK [0][-]{contents.0}{Table of Contents}{}% 3
\BOOKMARK [0][-]{figures.0}{List of Figures}{}% 4
\BOOKMARK [0][-]{tables.0}{List of Tables}{}% 5
\BOOKMARK [0][-]{chapter.1}{1 Introduction}{}% 6
\BOOKMARK [1][-]{section.1.1}{1.1 Is computer science science?}{chapter.1}% 7
\BOOKMARK [1][-]{section.1.2}{1.2 The Degree Project Report}{chapter.1}% 8
\BOOKMARK [0][-]{chapter.2}{2 Literature Review}{}% 9
\BOOKMARK [0][-]{chapter.3}{3 Requirement Specifications}{}% 10
\BOOKMARK [0][-]{chapter.4}{4 Design}{}% 11
\BOOKMARK [1][-]{section.4.1}{4.1 System Architecture}{chapter.4}% 12
\BOOKMARK [1][-]{section.4.2}{4.2 Design Constraints}{chapter.4}% 13
\BOOKMARK [1][-]{section.4.3}{4.3 Design Methodology}{chapter.4}% 14
\BOOKMARK [1][-]{section.4.4}{4.4 High Level Design}{chapter.4}% 15
\BOOKMARK [1][-]{section.4.5}{4.5 Low Level Design}{chapter.4}% 16
\BOOKMARK [1][-]{section.4.6}{4.6 Database Design}{chapter.4}% 17
\BOOKMARK [1][-]{section.4.7}{4.7 GUI Design}{chapter.4}% 18
\BOOKMARK [1][-]{section.4.8}{4.8 External Interfaces}{chapter.4}% 19
\BOOKMARK [0][-]{chapter.5}{5 System Implementation}{}% 20
\BOOKMARK [1][-]{section.5.1}{5.1 System Architecture}{chapter.5}% 21
\BOOKMARK [0][-]{chapter.6}{6 System Testing and Evaluation}{}% 22
\BOOKMARK [0][-]{chapter.7}{7 Conclusions}{}% 23
\BOOKMARK [0][-]{appendix.A}{A User Manual}{}% 24
\BOOKMARK [0][-]{section*.16}{References}{}% 25
