This is pdfTeX, Version 3.14159265-2.6-1.40.21 (MiKTeX 2.9.7440 64-bit) (preloaded format=pdflatex 2020.6.7)  18 JUN 2020 07:17
entering extended mode
**"./FYP Report.tex"
("FYP Report.tex"
LaTeX2e <2020-02-02> patch level 5
L3 programming layer <2020-06-03>
("C:\Program Files\MiKTeX 2.9\tex/latex/base\report.cls"
Document Class: report 2019/12/20 v1.4l Standard LaTeX document class
("C:\Program Files\MiKTeX 2.9\tex/latex/base\size12.clo"
File: size12.clo 2019/12/20 v1.4l Standard LaTeX file (size option)
)
\c@part=\count167
\c@chapter=\count168
\c@section=\count169
\c@subsection=\count170
\c@subsubsection=\count171
\c@paragraph=\count172
\c@subparagraph=\count173
\c@figure=\count174
\c@table=\count175
\abovecaptionskip=\skip47
\belowcaptionskip=\skip48
\bibindent=\dimen134
)
("C:\Program Files\MiKTeX 2.9\tex/latex/ragged2e\ragged2e.sty"
Package: ragged2e 2019/07/28 v2.2 ragged2e Package (MS)

("C:\Program Files\MiKTeX 2.9\tex/latex/ms\everysel.sty"
Package: everysel 2011/10/28 v1.2 EverySelectfont Package (MS)
)
\CenteringLeftskip=\skip49
\RaggedLeftLeftskip=\skip50
\RaggedRightLeftskip=\skip51
\CenteringRightskip=\skip52
\RaggedLeftRightskip=\skip53
\RaggedRightRightskip=\skip54
\CenteringParfillskip=\skip55
\RaggedLeftParfillskip=\skip56
\RaggedRightParfillskip=\skip57
\JustifyingParfillskip=\skip58
\CenteringParindent=\skip59
\RaggedLeftParindent=\skip60
\RaggedRightParindent=\skip61
\JustifyingParindent=\skip62
)
("C:\Program Files\MiKTeX 2.9\tex/latex/base\inputenc.sty"
Package: inputenc 2018/08/11 v1.3c Input encoding file
\inpenc@prehook=\toks15
\inpenc@posthook=\toks16
)
("C:\Program Files\MiKTeX 2.9\tex/generic/babel\babel.sty"
Package: babel 2020/05/13 3.44 The Babel package

("C:\Program Files\MiKTeX 2.9\tex/generic/babel\babel.def"
File: babel.def 2020/05/13 3.44 Babel common definitions
\babel@savecnt=\count176
\U@D=\dimen135
\l@babelnohyphens=\language79

("C:\Program Files\MiKTeX 2.9\tex/generic/babel\txtbabel.def")
\bbl@readstream=\read2
)
\bbl@dirlevel=\count177

*************************************
* Local config file bblopts.cfg used
*
("C:\Program Files\MiKTeX 2.9\tex/latex/arabi\bblopts.cfg"
File: bblopts.cfg 2005/09/08 v0.1 add Arabic and Farsi to "declared" options of
 babel
)
("C:\Program Files\MiKTeX 2.9\tex/latex/babel-english\english.ldf"
Language: english 2017/06/06 v3.3r English support from the babel system
Package babel Info: \l@canadian = using hyphenrules for english
(babel)             (\language0) on input line 102.
Package babel Info: \l@australian = using hyphenrules for ukenglish
(babel)             (\language73) on input line 105.
Package babel Info: \l@newzealand = using hyphenrules for ukenglish
(babel)             (\language73) on input line 108.
))
("C:\Program Files\MiKTeX 2.9\tex/latex/fancyvrb\fancyvrb.sty"
Package: fancyvrb 2020/05/03 v3.6 verbatim text (tvz,hv)

("C:\Program Files\MiKTeX 2.9\tex/latex/graphics\keyval.sty"
Package: keyval 2014/10/28 v1.15 key=value parser (DPC)
\KV@toks@=\toks17
)
\FV@CodeLineNo=\count178
\FV@InFile=\read3
\FV@TabBox=\box45
\c@FancyVerbLine=\count179
\FV@StepNumber=\count180
\FV@OutFile=\write3
)
("C:\Program Files\MiKTeX 2.9\tex/latex/multirow\multirow.sty"
Package: multirow 2019/05/31 v2.5 Span multiple rows of a table
\multirow@colwidth=\skip63
\multirow@cntb=\count181
\multirow@dima=\skip64
\bigstrutjot=\dimen136
)
("C:\Program Files\MiKTeX 2.9\tex/latex/graphics\rotating.sty"
Package: rotating 2016/08/11 v2.16d rotated objects in LaTeX

("C:\Program Files\MiKTeX 2.9\tex/latex/graphics\graphicx.sty"
Package: graphicx 2019/11/30 v1.2a Enhanced LaTeX Graphics (DPC,SPQR)

("C:\Program Files\MiKTeX 2.9\tex/latex/graphics\graphics.sty"
Package: graphics 2019/11/30 v1.4a Standard LaTeX Graphics (DPC,SPQR)

("C:\Program Files\MiKTeX 2.9\tex/latex/graphics\trig.sty"
Package: trig 2016/01/03 v1.10 sin cos tan (DPC)
)
("C:\Program Files\MiKTeX 2.9\tex/latex/graphics-cfg\graphics.cfg"
File: graphics.cfg 2016/06/04 v1.11 sample graphics configuration
)
Package graphics Info: Driver file: pdftex.def on input line 105.

("C:\Program Files\MiKTeX 2.9\tex/latex/graphics-def\pdftex.def"
File: pdftex.def 2018/01/08 v1.0l Graphics/color driver for pdftex
))
\Gin@req@height=\dimen137
\Gin@req@width=\dimen138
)
("C:\Program Files\MiKTeX 2.9\tex/latex/base\ifthen.sty"
Package: ifthen 2014/09/29 v1.1c Standard LaTeX ifthen package (DPC)
)
\c@r@tfl@t=\count182
\rotFPtop=\skip65
\rotFPbot=\skip66
\rot@float@box=\box46
\rot@mess@toks=\toks18
)
("C:\Program Files\MiKTeX 2.9\tex/latex/slashbox\slashbox.sty"
slashbox style by K.Yasuoka, May 1993.
\@slashboxa=\box47
\@slashboxb=\box48
\@slashboxc=\box49
\@slashboxwd=\count183
\@slashboxht=\count184
\@slashsepl=\dimen139
\@slashsepr=\dimen140
) ("C:\Program Files\MiKTeX 2.9\tex/latex/pict2e\pict2e.sty"
Package: pict2e 2019/08/20 v0.3c Improved picture commands (HjG,RN,JT)

("C:\Program Files\MiKTeX 2.9\tex/latex/pict2e\pict2e.cfg"
File: pict2e.cfg 2016/02/05 v0.1u pict2e configuration for teTeX/TeXLive
)
Package pict2e Info: Driver file: pdftex.def on input line 119.
Package pict2e Info: Driver file for pict2e: p2e-pdftex.def on input line 121.

("C:\Program Files\MiKTeX 2.9\tex/latex/pict2e\p2e-pdftex.def"
File: p2e-pdftex.def 2016/02/05 v0.1u Driver-dependant file (RN,HjG,JT)
)
\pIIe@GRAPH=\toks19
\@arclen=\dimen141
\@arcrad=\dimen142
\@tempdimd=\dimen143
)
("C:\Program Files\MiKTeX 2.9\tex/latex/soul\soul.sty"
Package: soul 2003/11/17 v2.4 letterspacing/underlining (mf)
\SOUL@word=\toks20
\SOUL@lasttoken=\toks21
\SOUL@cmds=\toks22
\SOUL@buffer=\toks23
\SOUL@token=\toks24
\SOUL@spaceskip=\skip67
\SOUL@ttwidth=\dimen144
\SOUL@uldp=\dimen145
\SOUL@ulht=\dimen146
)
("C:\Program Files\MiKTeX 2.9\tex/latex/amsfonts\amssymb.sty"
Package: amssymb 2013/01/14 v3.01 AMS font symbols

("C:\Program Files\MiKTeX 2.9\tex/latex/amsfonts\amsfonts.sty"
Package: amsfonts 2013/01/14 v3.01 Basic AMSFonts support
\@emptytoks=\toks25
\symAMSa=\mathgroup4
\symAMSb=\mathgroup5
LaTeX Font Info:    Redeclaring math symbol \hbar on input line 98.
LaTeX Font Info:    Overwriting math alphabet `\mathfrak' in version `bold'
(Font)                  U/euf/m/n --> U/euf/b/n on input line 106.
))
("C:\Program Files\MiKTeX 2.9\tex/latex/graphics\lscape.sty"
Package: lscape 2000/10/22 v3.01 Landscape Pages (DPC)
)
("C:\Program Files\MiKTeX 2.9\tex/latex/tools\longtable.sty"
Package: longtable 2020/01/07 v4.13 Multi-page Table package (DPC)
\LTleft=\skip68
\LTright=\skip69
\LTpre=\skip70
\LTpost=\skip71
\LTchunksize=\count185
\LTcapwidth=\dimen147
\LT@head=\box50
\LT@firsthead=\box51
\LT@foot=\box52
\LT@lastfoot=\box53
\LT@cols=\count186
\LT@rows=\count187
\c@LT@tables=\count188
\c@LT@chunks=\count189
\LT@p@ftn=\toks26
)
("C:\Program Files\MiKTeX 2.9\tex/latex/base\makeidx.sty"
Package: makeidx 2014/09/29 v1.0m Standard LaTeX package
)
("C:\Program Files\MiKTeX 2.9\tex/latex/amsmath\amsmath.sty"
Package: amsmath 2020/01/20 v2.17e AMS math features
\@mathmargin=\skip72

For additional information on amsmath, use the `?' option.
("C:\Program Files\MiKTeX 2.9\tex/latex/amsmath\amstext.sty"
Package: amstext 2000/06/29 v2.01 AMS text

("C:\Program Files\MiKTeX 2.9\tex/latex/amsmath\amsgen.sty"
File: amsgen.sty 1999/11/30 v2.0 generic functions
\@emptytoks=\toks27
\ex@=\dimen148
))
("C:\Program Files\MiKTeX 2.9\tex/latex/amsmath\amsbsy.sty"
Package: amsbsy 1999/11/29 v1.2d Bold Symbols
\pmbraise@=\dimen149
)
("C:\Program Files\MiKTeX 2.9\tex/latex/amsmath\amsopn.sty"
Package: amsopn 2016/03/08 v2.02 operator names
)
\inf@bad=\count190
LaTeX Info: Redefining \frac on input line 227.
\uproot@=\count191
\leftroot@=\count192
LaTeX Info: Redefining \overline on input line 389.
\classnum@=\count193
\DOTSCASE@=\count194
LaTeX Info: Redefining \ldots on input line 486.
LaTeX Info: Redefining \dots on input line 489.
LaTeX Info: Redefining \cdots on input line 610.
\Mathstrutbox@=\box54
\strutbox@=\box55
\big@size=\dimen150
LaTeX Font Info:    Redeclaring font encoding OML on input line 733.
LaTeX Font Info:    Redeclaring font encoding OMS on input line 734.
\macc@depth=\count195
\c@MaxMatrixCols=\count196
\dotsspace@=\muskip16
\c@parentequation=\count197
\dspbrk@lvl=\count198
\tag@help=\toks28
\row@=\count199
\column@=\count266
\maxfields@=\count267
\andhelp@=\toks29
\eqnshift@=\dimen151
\alignsep@=\dimen152
\tagshift@=\dimen153
\tagwidth@=\dimen154
\totwidth@=\dimen155
\lineht@=\dimen156
\@envbody=\toks30
\multlinegap=\skip73
\multlinetaggap=\skip74
\mathdisplay@stack=\toks31
LaTeX Info: Redefining \[ on input line 2859.
LaTeX Info: Redefining \] on input line 2860.
)
("C:\Program Files\MiKTeX 2.9\tex/latex/makecell\makecell.sty"
Package: makecell 2009/08/03 V0.1e Managing of Tab Column Heads and Cells

("C:\Program Files\MiKTeX 2.9\tex/latex/tools\array.sty"
Package: array 2019/08/31 v2.4l Tabular extension package (FMi)
\col@sep=\dimen157
\ar@mcellbox=\box56
\extrarowheight=\dimen158
\NC@list=\toks32
\extratabsurround=\skip75
\backup@length=\skip76
\ar@cellbox=\box57
)
\rotheadsize=\dimen159
\c@nlinenum=\count268
\TeXr@lab=\toks33
)
("C:\Program Files\MiKTeX 2.9\tex/latex/wrapfig\wrapfig.sty"
\wrapoverhang=\dimen160
\WF@size=\dimen161
\c@WF@wrappedlines=\count269
\WF@box=\box58
\WF@everypar=\toks34
Package: wrapfig 2003/01/31  v 3.6
)
("C:\Program Files\MiKTeX 2.9\tex/latex/float\float.sty"
Package: float 2001/11/08 v1.3d Float enhancements (AL)
\c@float@type=\count270
\float@exts=\toks35
\float@box=\box59
\@float@everytoks=\toks36
\@floatcapt=\box60
)
("C:\Program Files\MiKTeX 2.9\tex/latex/subfig\subfig.sty"
Package: subfig 2005/06/28 ver: 1.3 subfig package

("C:\Program Files\MiKTeX 2.9\tex/latex/caption\caption3.sty"
Package: caption3 2020/05/10 v1.11 caption3 kernel (AR)
Package caption3 Info: TeX engine: e-TeX on input line 61.
\captionmargin=\dimen162
\captionmargin@=\dimen163
\captionwidth=\dimen164
\caption@tempdima=\dimen165
\caption@indent=\dimen166
\caption@parindent=\dimen167
\caption@hangindent=\dimen168
Package caption Info: Standard document class detected.
)
\c@KVtest=\count271
\sf@farskip=\skip77
\sf@captopadj=\dimen169
\sf@capskip=\skip78
\sf@nearskip=\skip79
\c@subfigure=\count272
\c@subfigure@save=\count273
\c@lofdepth=\count274
\c@subtable=\count275
\c@subtable@save=\count276
\c@lotdepth=\count277
\sf@top=\skip80
\sf@bottom=\skip81
)
("C:\Program Files\MiKTeX 2.9\tex/latex/geometry\geometry.sty"
Package: geometry 2020/01/02 v5.9 Page Geometry

("C:\Program Files\MiKTeX 2.9\tex/generic/iftex\ifvtex.sty"
Package: ifvtex 2019/10/25 v1.7 ifvtex legacy package. Use iftex instead.

("C:\Program Files\MiKTeX 2.9\tex/generic/iftex\iftex.sty"
Package: iftex 2020/03/06 v1.0d TeX engine tests
))
\Gm@cnth=\count278
\Gm@cntv=\count279
\c@Gm@tempcnt=\count280
\Gm@bindingoffset=\dimen170
\Gm@wd@mp=\dimen171
\Gm@odd@mp=\dimen172
\Gm@even@mp=\dimen173
\Gm@layoutwidth=\dimen174
\Gm@layoutheight=\dimen175
\Gm@layouthoffset=\dimen176
\Gm@layoutvoffset=\dimen177
\Gm@dimlist=\toks37

("C:\Program Files\MiKTeX 2.9\tex/latex/geometry\geometry.cfg"))
("C:\Program Files\MiKTeX 2.9\tex/latex/caption\caption.sty"
Package: caption 2020/05/10 v3.4j Customizing captions (AR)
\c@caption@flags=\count281
\c@continuedfloat=\count282
Package caption Info: float package is loaded.
Package caption Info: longtable package is loaded.

("C:\Program Files\MiKTeX 2.9\tex/latex/caption\ltcaption.sty"
Package: ltcaption 2018/08/26 v1.4a longtable captions (AR)
)
Package caption Info: rotating package is loaded.
Package caption Info: wrapfig package is loaded.
)
("C:\Program Files\MiKTeX 2.9\tex/latex/l3backend\l3backend-pdfmode.def"
File: l3backend-pdfmode.def 2020-06-03 L3 backend support: PDF mode
\l__kernel_color_stack_int=\count283
\l__pdf_internal_box=\box61
)
("FYP Report.aux" (Abstract.aux) (Acknowledgement.aux) (Chapter1.aux)
(Chapter2.aux) (Chapter3.aux) (Chapter4.aux) (Chapter5.aux

LaTeX Warning: Label `fig:Example of a user mode in database' multiply defined.


) (Chapter6.aux) (Chapter7.aux) (Bibliography.aux) (Appendix1.aux)
(Appendix2.aux

LaTeX Warning: Label `ap:Appendix1' multiply defined.

) (Appendix3.aux

LaTeX Warning: Label `ap:Appendix1' multiply defined.

))
\openout1 = `"FYP Report.aux"'.

LaTeX Font Info:    Checking defaults for OML/cmm/m/it on input line 30.
LaTeX Font Info:    ... okay on input line 30.
LaTeX Font Info:    Checking defaults for OMS/cmsy/m/n on input line 30.
LaTeX Font Info:    ... okay on input line 30.
LaTeX Font Info:    Checking defaults for OT1/cmr/m/n on input line 30.
LaTeX Font Info:    ... okay on input line 30.
LaTeX Font Info:    Checking defaults for T1/cmr/m/n on input line 30.
LaTeX Font Info:    ... okay on input line 30.
LaTeX Font Info:    Checking defaults for TS1/cmr/m/n on input line 30.
LaTeX Font Info:    ... okay on input line 30.
LaTeX Font Info:    Checking defaults for OMX/cmex/m/n on input line 30.
LaTeX Font Info:    ... okay on input line 30.
LaTeX Font Info:    Checking defaults for U/cmr/m/n on input line 30.
LaTeX Font Info:    ... okay on input line 30.
 ABD: EverySelectfont initializing macros
LaTeX Info: Redefining \selectfont on input line 30.

("C:\Program Files\MiKTeX 2.9\tex/context/base/mkii\supp-pdf.mkii"
[Loading MPS to PDF converter (version 2006.09.02).]
\scratchcounter=\count284
\scratchdimen=\dimen178
\scratchbox=\box62
\nofMPsegments=\count285
\nofMParguments=\count286
\everyMPshowfont=\toks38
\MPscratchCnt=\count287
\MPscratchDim=\dimen179
\MPnumerator=\count288
\makeMPintoPDFobject=\count289
\everyMPtoPDFconversion=\toks39
) ("C:\Program Files\MiKTeX 2.9\tex/latex/epstopdf-pkg\epstopdf-base.sty"
Package: epstopdf-base 2020-01-24 v2.11 Base part for package epstopdf
Package epstopdf-base Info: Redefining graphics rule for `.eps' on input line 4
85.
)
Package caption Info: Begin \AtBeginDocument code.
Package caption Info: subfig package v1.3 is loaded.
Package caption Info: End \AtBeginDocument code.

*geometry* driver: auto-detecting
*geometry* detected driver: pdftex
*geometry* verbose mode - [ preamble ] result:
* driver: pdftex
* paper: a4paper
* layout: <same size as paper>
* layoutoffset:(h,v)=(0.0pt,0.0pt)
* modes: 
* h-part:(L,W,R)=(85.35826pt, 426.79135pt, 85.35826pt)
* v-part:(T,H,B)=(85.35826pt, 674.33032pt, 85.35826pt)
* \paperwidth=597.50787pt
* \paperheight=845.04684pt
* \textwidth=426.79135pt
* \textheight=674.33032pt
* \oddsidemargin=13.08827pt
* \evensidemargin=13.08827pt
* \topmargin=-23.91173pt
* \headheight=12.0pt
* \headsep=25.0pt
* \topskip=12.0pt
* \footskip=30.0pt
* \marginparwidth=35.0pt
* \marginparsep=10.0pt
* \columnsep=10.0pt
* \skip\footins=10.8pt plus 4.0pt minus 2.0pt
* \hoffset=0.0pt
* \voffset=0.0pt
* \mag=1000
* \@twocolumnfalse
* \@twosidefalse
* \@mparswitchfalse
* \@reversemarginfalse
* (1in=72.27pt=25.4mm, 1cm=28.453pt)

<Figures/AU-Logo.png, id=1, 903.375pt x 674.52pt>
File: Figures/AU-Logo.png Graphic file (type png)
<use Figures/AU-Logo.png>
Package pdftex.def Info: Figures/AU-Logo.png  used on input line 66.
(pdftex.def)             Requested size: 213.39568pt x 159.3356pt.
LaTeX Font Info:    Trying to load font information for U+msa on input line 66.

("C:\Program Files\MiKTeX 2.9\tex/latex/amsfonts\umsa.fd"
File: umsa.fd 2013/01/14 v3.01 AMS symbols A
)
LaTeX Font Info:    Trying to load font information for U+msb on input line 66.


("C:\Program Files\MiKTeX 2.9\tex/latex/amsfonts\umsb.fd"
File: umsb.fd 2013/01/14 v3.01 AMS symbols B
) [1

{C:/Users/usama/AppData/Local/MiKTeX/2.9/pdftex/config/pdftex.map} <./Figures/A
U-Logo.png>]
[1

]
Underfull \hbox (badness 10000) in paragraph at lines 100--101

 []


Underfull \hbox (badness 10000) in paragraph at lines 102--103

 []


Underfull \hbox (badness 10000) in paragraph at lines 108--109

 []


Underfull \hbox (badness 10000) in paragraph at lines 114--115

 []


Underfull \hbox (badness 10000) in paragraph at lines 120--121

 []


Underfull \hbox (badness 10000) in paragraph at lines 126--127

 []

[2] ("FYP Report.toc" [1

] [2])
\tf@toc=\write4
\openout4 = `"FYP Report.toc"'.

 [3] ("FYP Report.lof")
\tf@lof=\write5
\openout5 = `"FYP Report.lof"'.

 [4

] ("FYP Report.lot")
\tf@lot=\write6
\openout6 = `"FYP Report.lot"'.


[5

]
\openout2 = `Abstract.aux'.

 (Abstract.tex
Underfull \hbox (badness 10000) in paragraph at lines 3--4

 []


Underfull \hbox (badness 10000) in paragraph at lines 5--6

 []


Underfull \hbox (badness 10000) in paragraph at lines 7--8

 []

) [6


] [7]
\openout2 = `Acknowledgement.aux'.

 (Acknowledgement.tex
Underfull \hbox (badness 10000) in paragraph at lines 4--5

 []

) [8



]
\openout2 = `Chapter1.aux'.

 (Chapter1.tex
Chapter 1.

Underfull \hbox (badness 10000) in paragraph at lines 7--8

 []


Underfull \hbox (badness 10000) in paragraph at lines 9--10

 []


Underfull \hbox (badness 10000) in paragraph at lines 11--12

 []


Underfull \hbox (badness 10000) in paragraph at lines 13--14

 []


Underfull \hbox (badness 10000) in paragraph at lines 15--16

 []

[1



]
Underfull \hbox (badness 10000) in paragraph at lines 40--41

 []


Underfull \hbox (badness 10000) in paragraph at lines 42--43

 []


Underfull \hbox (badness 10000) in paragraph at lines 48--49

 []

[2]) [3]
\openout2 = `Chapter2.aux'.

 (Chapter2.tex
Chapter 2.

Underfull \hbox (badness 10000) in paragraph at lines 7--8

 []


Underfull \hbox (badness 10000) in paragraph at lines 9--10

 []


Underfull \hbox (badness 10000) in paragraph at lines 11--12

 []


Underfull \hbox (badness 10000) in paragraph at lines 13--14

 []

[4



]
Underfull \hbox (badness 10000) in paragraph at lines 25--26

 []

[5]) [6]
\openout2 = `Chapter3.aux'.

 (Chapter3.tex
Chapter 3.

Underfull \hbox (badness 10000) in paragraph at lines 31--32

 []

[7



]
<Figures/TableFR1.png, id=65, 679.78969pt x 298.11375pt>
File: Figures/TableFR1.png Graphic file (type png)
<use Figures/TableFR1.png>
Package pdftex.def Info: Figures/TableFR1.png  used on input line 43.
(pdftex.def)             Requested size: 341.43437pt x 149.72974pt.
<Figures/TableFR2.png, id=66, 681.29532pt x 292.09125pt>
File: Figures/TableFR2.png Graphic file (type png)
<use Figures/TableFR2.png>
Package pdftex.def Info: Figures/TableFR2.png  used on input line 50.
(pdftex.def)             Requested size: 341.43437pt x 146.38397pt.
<Figures/TableFR3.png, id=67, 681.29532pt x 292.09125pt>
File: Figures/TableFR3.png Graphic file (type png)
<use Figures/TableFR3.png>
Package pdftex.def Info: Figures/TableFR3.png  used on input line 57.
(pdftex.def)             Requested size: 341.43437pt x 146.38397pt.
<Figures/TableFR4.png, id=68, 684.30656pt x 293.59688pt>
File: Figures/TableFR4.png Graphic file (type png)
<use Figures/TableFR4.png>
Package pdftex.def Info: Figures/TableFR4.png  used on input line 64.
(pdftex.def)             Requested size: 341.43437pt x 146.49342pt.
<Figures/TableFR5.png, id=69, 682.80093pt x 293.59688pt>
File: Figures/TableFR5.png Graphic file (type png)
<use Figures/TableFR5.png>
Package pdftex.def Info: Figures/TableFR5.png  used on input line 71.
(pdftex.def)             Requested size: 341.43437pt x 146.81598pt.
<Figures/TableFR6.png, id=70, 683.55376pt x 298.86656pt>
File: Figures/TableFR6.png Graphic file (type png)
<use Figures/TableFR6.png>
Package pdftex.def Info: Figures/TableFR6.png  used on input line 78.
(pdftex.def)             Requested size: 341.43437pt x 149.28697pt.
<Figures/TableFR7.png, id=71, 683.55376pt x 293.59688pt>
File: Figures/TableFR7.png Graphic file (type png)
<use Figures/TableFR7.png>
Package pdftex.def Info: Figures/TableFR7.png  used on input line 85.
(pdftex.def)             Requested size: 341.43437pt x 146.65471pt.
<Figures/TableFR8.png, id=72, 683.55376pt x 293.59688pt>
File: Figures/TableFR8.png Graphic file (type png)
<use Figures/TableFR8.png>
Package pdftex.def Info: Figures/TableFR8.png  used on input line 92.
(pdftex.def)             Requested size: 341.43437pt x 146.65471pt.
<Figures/TableFR9.png, id=73, 682.04813pt x 293.59688pt>
File: Figures/TableFR9.png Graphic file (type png)
<use Figures/TableFR9.png>
Package pdftex.def Info: Figures/TableFR9.png  used on input line 99.
(pdftex.def)             Requested size: 341.43437pt x 146.97726pt.
<Figures/TableNFR1.png, id=74, 681.29532pt x 112.92188pt>
File: Figures/TableNFR1.png Graphic file (type png)
<use Figures/TableNFR1.png>
Package pdftex.def Info: Figures/TableNFR1.png  used on input line 108.
(pdftex.def)             Requested size: 341.43437pt x 56.59174pt.
<Figures/TableNFR2.png, id=75, 682.04813pt x 112.92188pt>
File: Figures/TableNFR2.png Graphic file (type png)
<use Figures/TableNFR2.png>
Package pdftex.def Info: Figures/TableNFR2.png  used on input line 115.
(pdftex.def)             Requested size: 341.43437pt x 56.52971pt.
<Figures/TableNFR3.png, id=76, 683.55376pt x 113.67468pt>
File: Figures/TableNFR3.png Graphic file (type png)
<use Figures/TableNFR3.png>
Package pdftex.def Info: Figures/TableNFR3.png  used on input line 122.
(pdftex.def)             Requested size: 341.43437pt x 56.78168pt.
<Figures/TableNFR4.png, id=77, 683.55376pt x 115.18031pt>
File: Figures/TableNFR4.png Graphic file (type png)
<use Figures/TableNFR4.png>
Package pdftex.def Info: Figures/TableNFR4.png  used on input line 129.
(pdftex.def)             Requested size: 341.43437pt x 57.53375pt.
<Figures/TableNFR5.png, id=78, 682.04813pt x 118.19156pt>
File: Figures/TableNFR5.png Graphic file (type png)
<use Figures/TableNFR5.png>
Package pdftex.def Info: Figures/TableNFR5.png  used on input line 136.
(pdftex.def)             Requested size: 341.43437pt x 59.16777pt.
<Figures/TableNFR6.png, id=79, 682.80093pt x 113.67468pt>
File: Figures/TableNFR6.png Graphic file (type png)
<use Figures/TableNFR6.png>
Package pdftex.def Info: Figures/TableNFR6.png  used on input line 143.
(pdftex.def)             Requested size: 341.43437pt x 56.84413pt.
<Figures/TableNFR7.png, id=80, 679.78969pt x 112.16907pt>
File: Figures/TableNFR7.png Graphic file (type png)
<use Figures/TableNFR7.png>
Package pdftex.def Info: Figures/TableNFR7.png  used on input line 150.
(pdftex.def)             Requested size: 341.43437pt x 56.33769pt.
<Figures/UseCaseDiagram.png, id=81, 726.3135pt x 549.252pt>
File: Figures/UseCaseDiagram.png Graphic file (type png)
<use Figures/UseCaseDiagram.png>
Package pdftex.def Info: Figures/UseCaseDiagram.png  used on input line 157.
(pdftex.def)             Requested size: 426.79135pt x 322.75684pt.
<Figures/TableUC1.png, id=82, 441.90094pt x 314.67563pt>
File: Figures/TableUC1.png Graphic file (type png)
<use Figures/TableUC1.png>
Package pdftex.def Info: Figures/TableUC1.png  used on input line 166.
(pdftex.def)             Requested size: 341.43437pt x 243.14604pt.
<Figures/TableUC2.png, id=83, 441.90094pt x 313.17pt>
File: Figures/TableUC2.png Graphic file (type png)
<use Figures/TableUC2.png>
Package pdftex.def Info: Figures/TableUC2.png  used on input line 172.
(pdftex.def)             Requested size: 341.43437pt x 241.98267pt.
<Figures/TableUC3.png, id=84, 441.90094pt x 312.41719pt>
File: Figures/TableUC3.png Graphic file (type png)
<use Figures/TableUC3.png>
Package pdftex.def Info: Figures/TableUC3.png  used on input line 179.
(pdftex.def)             Requested size: 341.43437pt x 241.40097pt.
<Figures/TableUC4.png, id=85, 442.65375pt x 313.9228pt>
File: Figures/TableUC4.png Graphic file (type png)
<use Figures/TableUC4.png>
Package pdftex.def Info: Figures/TableUC4.png  used on input line 186.
(pdftex.def)             Requested size: 341.43437pt x 242.1524pt.
<Figures/TableUC5.png, id=86, 442.65375pt x 313.17pt>
File: Figures/TableUC5.png Graphic file (type png)
<use Figures/TableUC5.png>
Package pdftex.def Info: Figures/TableUC5.png  used on input line 193.
(pdftex.def)             Requested size: 341.43437pt x 241.5717pt.
<Figures/TableUC6.png, id=87, 442.65375pt x 313.17pt>
File: Figures/TableUC6.png Graphic file (type png)
<use Figures/TableUC6.png>
Package pdftex.def Info: Figures/TableUC6.png  used on input line 200.
(pdftex.def)             Requested size: 341.43437pt x 241.5717pt.
<Figures/TableUC7.png, id=88, 441.14813pt x 318.43968pt>
File: Figures/TableUC7.png Graphic file (type png)
<use Figures/TableUC7.png>
Package pdftex.def Info: Figures/TableUC7.png  used on input line 207.
(pdftex.def)             Requested size: 341.43437pt x 246.47237pt.
<Figures/TableUC8.png, id=89, 441.14813pt x 312.41719pt>
File: Figures/TableUC8.png Graphic file (type png)
<use Figures/TableUC8.png>
Package pdftex.def Info: Figures/TableUC8.png  used on input line 214.
(pdftex.def)             Requested size: 341.43437pt x 241.81094pt.
<Figures/TableUC9.png, id=90, 442.65375pt x 313.17pt>
File: Figures/TableUC9.png Graphic file (type png)
<use Figures/TableUC9.png>
Package pdftex.def Info: Figures/TableUC9.png  used on input line 221.
(pdftex.def)             Requested size: 341.43437pt x 241.5717pt.
<Figures/TableUC10.png, id=91, 442.65375pt x 313.9228pt>
File: Figures/TableUC10.png Graphic file (type png)
<use Figures/TableUC10.png>
Package pdftex.def Info: Figures/TableUC10.png  used on input line 228.
(pdftex.def)             Requested size: 341.43437pt x 242.1524pt.
<Figures/TableUC11.png, id=92, 441.14813pt x 314.67563pt>
File: Figures/TableUC11.png Graphic file (type png)
<use Figures/TableUC11.png>
Package pdftex.def Info: Figures/TableUC11.png  used on input line 235.
(pdftex.def)             Requested size: 341.43437pt x 243.55898pt.
) [8 <./Figures/TableFR1.png>] [9 <./Figures/TableFR2.png> <./Figures/TableFR3.
png> <./Figures/TableFR4.png>] [10 <./Figures/TableFR5.png> <./Figures/TableFR6
.png> <./Figures/TableFR7.png>] [11 <./Figures/TableFR8.png> <./Figures/TableFR
9.png> <./Figures/TableNFR1.png> <./Figures/TableNFR2.png>] [12 <./Figures/Tabl
eNFR3.png> <./Figures/TableNFR4.png> <./Figures/TableNFR5.png> <./Figures/Table
NFR6.png> <./Figures/TableNFR7.png>] [13 <./Figures/UseCaseDiagram.png>]
[14 <./Figures/TableUC1.png> <./Figures/TableUC2.png>] [15 <./Figures/TableUC3.
png> <./Figures/TableUC4.png>] [16 <./Figures/TableUC5.png> <./Figures/TableUC6
.png>] [17 <./Figures/TableUC7.png> <./Figures/TableUC8.png>] [18 <./Figures/Ta
bleUC9.png> <./Figures/TableUC10.png>] [19 <./Figures/TableUC11.png>]
\openout2 = `Chapter4.aux'.


(Chapter4.tex
Chapter 4.
<Figures/SystemArchitecture.png, id=158, 679.94025pt x 396.2805pt>
File: Figures/SystemArchitecture.png Graphic file (type png)
<use Figures/SystemArchitecture.png>
Package pdftex.def Info: Figures/SystemArchitecture.png  used on input line 8.
(pdftex.def)             Requested size: 512.14832pt x 298.4855pt.

Overfull \hbox (85.35696pt too wide) in paragraph at lines 8--9
 [] 
 []

<Figures/SubSystem.png, id=159, 635.976pt x 518.53725pt>
File: Figures/SubSystem.png Graphic file (type png)
<use Figures/SubSystem.png>
Package pdftex.def Info: Figures/SubSystem.png  used on input line 14.
(pdftex.def)             Requested size: 426.79135pt x 347.97992pt.
[20



 <./Figures/SystemArchitecture.png>]
<Figures/PackageDiagram.png, id=164, 715.92468pt x 354.57469pt>
File: Figures/PackageDiagram.png Graphic file (type png)
<use Figures/PackageDiagram.png>
Package pdftex.def Info: Figures/PackageDiagram.png  used on input line 37.
(pdftex.def)             Requested size: 426.79135pt x 211.37762pt.
 [21 <./Figures/SubSystem.png>]
<Figures/InteractionDiagram.png, id=168, 481.19775pt x 765.45975pt>
File: Figures/InteractionDiagram.png Graphic file (type png)
<use Figures/InteractionDiagram.png>
Package pdftex.def Info: Figures/InteractionDiagram.png  used on input line 45.

(pdftex.def)             Requested size: 426.79616pt x 678.92105pt.


LaTeX Warning: Float too large for page by 62.3407pt on input line 48.

<Figures/DeploymentDiagram.png, id=169, 701.019pt x 434.22224pt>
File: Figures/DeploymentDiagram.png Graphic file (type png)
<use Figures/DeploymentDiagram.png>
Package pdftex.def Info: Figures/DeploymentDiagram.png  used on input line 53.
(pdftex.def)             Requested size: 426.79732pt x 264.36499pt.
<Figures/LowLevelDesign.png, id=170, 589.60275pt x 504.6855pt>
File: Figures/LowLevelDesign.png Graphic file (type png)
<use Figures/LowLevelDesign.png>
Package pdftex.def Info: Figures/LowLevelDesign.png  used on input line 90.
(pdftex.def)             Requested size: 455.24605pt x 389.67946pt.

Overfull \hbox (28.4547pt too wide) in paragraph at lines 90--91
[] 
 []


Underfull \hbox (badness 10000) in paragraph at lines 108--109

 []


Underfull \hbox (badness 10000) in paragraph at lines 108--109

 []

<Figures/S1.jpeg, id=171, 624.3325pt x 1284.8pt>
File: Figures/S1.jpeg Graphic file (type jpg)
<use Figures/S1.jpeg>
Package pdftex.def Info: Figures/S1.jpeg  used on input line 110.
(pdftex.def)             Requested size: 144.54pt x 297.43863pt.
<Figures/S2.jpeg, id=172, 624.3325pt x 1284.8pt>
File: Figures/S2.jpeg Graphic file (type jpg)
<use Figures/S2.jpeg>
Package pdftex.def Info: Figures/S2.jpeg  used on input line 119.
(pdftex.def)             Requested size: 144.54pt x 297.43863pt.
<Figures/S3.jpeg, id=173, 624.3325pt x 1284.8pt>
File: Figures/S3.jpeg Graphic file (type jpg)
<use Figures/S3.jpeg>
Package pdftex.def Info: Figures/S3.jpeg  used on input line 120.
(pdftex.def)             Requested size: 144.54pt x 297.43863pt.
<Figures/S4.jpeg, id=174, 1445.4pt x 2971.1pt>
File: Figures/S4.jpeg Graphic file (type jpg)
<use Figures/S4.jpeg>
Package pdftex.def Info: Figures/S4.jpeg  used on input line 126.
(pdftex.def)             Requested size: 144.54pt x 297.08208pt.

Underfull \hbox (badness 10000) in paragraph at lines 131--132

 []


Underfull \hbox (badness 10000) in paragraph at lines 131--132

 []

<Figures/S5.jpeg, id=175, 1445.4pt x 2971.1pt>
File: Figures/S5.jpeg Graphic file (type jpg)
<use Figures/S5.jpeg>
Package pdftex.def Info: Figures/S5.jpeg  used on input line 133.
(pdftex.def)             Requested size: 144.54pt x 297.08208pt.
<Figures/S6.jpeg, id=176, 1445.4pt x 2971.1pt>
File: Figures/S6.jpeg Graphic file (type jpg)
<use Figures/S6.jpeg>
Package pdftex.def Info: Figures/S6.jpeg  used on input line 141.
(pdftex.def)             Requested size: 144.54pt x 297.08208pt.
<Figures/S7.jpeg, id=177, 624.3325pt x 1284.8pt>
File: Figures/S7.jpeg Graphic file (type jpg)
<use Figures/S7.jpeg>
Package pdftex.def Info: Figures/S7.jpeg  used on input line 142.
(pdftex.def)             Requested size: 144.54pt x 297.43863pt.
<Figures/S8.jpg, id=178, 1445.4pt x 2971.1pt>
File: Figures/S8.jpg Graphic file (type jpg)
<use Figures/S8.jpg>
Package pdftex.def Info: Figures/S8.jpg  used on input line 148.
(pdftex.def)             Requested size: 144.54pt x 297.08208pt.
<Figures/S9.jpeg, id=179, 1445.4pt x 2971.1pt>
File: Figures/S9.jpeg Graphic file (type jpg)
<use Figures/S9.jpeg>
Package pdftex.def Info: Figures/S9.jpeg  used on input line 149.
(pdftex.def)             Requested size: 144.54pt x 297.08208pt.

Underfull \hbox (badness 10000) in paragraph at lines 155--156

 []


Underfull \hbox (badness 10000) in paragraph at lines 155--156

 []

<Figures/S10.jpeg, id=180, 1445.4pt x 2971.1pt>
File: Figures/S10.jpeg Graphic file (type jpg)
<use Figures/S10.jpeg>
Package pdftex.def Info: Figures/S10.jpeg  used on input line 158.
(pdftex.def)             Requested size: 144.54pt x 297.08208pt.
<Figures/S11.jpeg, id=181, 624.3325pt x 1284.8pt>
File: Figures/S11.jpeg Graphic file (type jpg)
<use Figures/S11.jpeg>
Package pdftex.def Info: Figures/S11.jpeg  used on input line 159.
(pdftex.def)             Requested size: 144.54pt x 297.43863pt.

Underfull \hbox (badness 10000) in paragraph at lines 157--161

 []

<Figures/S14.jpeg, id=182, 624.3325pt x 1284.8pt>
File: Figures/S14.jpeg Graphic file (type jpg)
<use Figures/S14.jpeg>
Package pdftex.def Info: Figures/S14.jpeg  used on input line 167.
(pdftex.def)             Requested size: 144.54pt x 297.43863pt.
<Figures/S15.jpeg, id=183, 624.3325pt x 1284.8pt>
File: Figures/S15.jpeg Graphic file (type jpg)
<use Figures/S15.jpeg>
Package pdftex.def Info: Figures/S15.jpeg  used on input line 168.
(pdftex.def)             Requested size: 144.54pt x 297.43863pt.

Underfull \hbox (badness 3872) in paragraph at lines 168--168
[]\OT1/cmr/m/n/10 (b) |Pas-sen-gers Pickup Points
 []

<Figures/S12.jpeg, id=184, 1445.4pt x 2971.1pt>
File: Figures/S12.jpeg Graphic file (type jpg)
<use Figures/S12.jpeg>
Package pdftex.def Info: Figures/S12.jpeg  used on input line 171.
(pdftex.def)             Requested size: 144.54pt x 297.08208pt.
<Figures/S13.jpg, id=185, 624.3325pt x 1284.8pt>
File: Figures/S13.jpg Graphic file (type jpg)
<use Figures/S13.jpg>
Package pdftex.def Info: Figures/S13.jpg  used on input line 172.
(pdftex.def)             Requested size: 144.54pt x 297.43863pt.
<Figures/S16.jpeg, id=186, 1445.4pt x 2971.1pt>
File: Figures/S16.jpeg Graphic file (type jpg)
<use Figures/S16.jpeg>
Package pdftex.def Info: Figures/S16.jpeg  used on input line 178.
(pdftex.def)             Requested size: 216.81pt x 445.64578pt.
) [22 <./Figures/PackageDiagram.png>] [23 <./Figures/InteractionDiagram.png>]
[24 <./Figures/DeploymentDiagram.png>] [25 <./Figures/LowLevelDesign.png>]
[26] [27 <./Figures/S1.jpeg>] [28 <./Figures/S2.jpeg> <./Figures/S3.jpeg> <./Fi
gures/S4.jpeg>] [29 <./Figures/S5.jpeg>] [30 <./Figures/S6.jpeg> <./Figures/S7.
jpeg> <./Figures/S8.jpg> <./Figures/S9.jpeg>] [31 <./Figures/S10.jpeg> <./Figur
es/S11.jpeg>] [32 <./Figures/S14.jpeg> <./Figures/S15.jpeg> <./Figures/S12.jpeg
> <./Figures/S13.jpg>] [33 <./Figures/S16.jpeg>]
\openout2 = `Chapter5.aux'.

 (Chapter5.tex
Chapter 5.
<Figures/SystemArchitectureCH5.png, id=227, 701.019pt x 506.49225pt>
File: Figures/SystemArchitectureCH5.png Graphic file (type png)
<use Figures/SystemArchitectureCH5.png>
Package pdftex.def Info: Figures/SystemArchitectureCH5.png  used on input line 
8.
(pdftex.def)             Requested size: 341.43437pt x 246.69179pt.
[34



 <./Figures/SystemArchitectureCH5.png>]
Underfull \hbox (badness 10000) in paragraph at lines 44--45

 []

[35]
Overfull \hbox (4.49484pt too wide) in paragraph at lines 54--55
[]\OT1/cmr/bx/n/12 Firebase Real-time Database \OT1/cmr/m/n/12 : This frame-wor
k is used as our main database
 []


Underfull \hbox (badness 10000) in paragraph at lines 71--72

 []

[36]
<Figures/DB-1.jpeg, id=237, 764.10469pt x 459.96844pt>
File: Figures/DB-1.jpeg Graphic file (type jpg)
<use Figures/DB-1.jpeg>
Package pdftex.def Info: Figures/DB-1.jpeg  used on input line 78.
(pdftex.def)             Requested size: 426.79135pt x 256.9138pt.
<Figures/DB-2.jpeg, id=238, 767.11594pt x 457.71pt>
File: Figures/DB-2.jpeg Graphic file (type jpg)
<use Figures/DB-2.jpeg>
Package pdftex.def Info: Figures/DB-2.jpeg  used on input line 84.
(pdftex.def)             Requested size: 426.79135pt x 254.65364pt.

Underfull \hbox (badness 10000) in paragraph at lines 89--90

 []


Underfull \hbox (badness 10000) in paragraph at lines 91--92

 []


Underfull \hbox (badness 10000) in paragraph at lines 93--94

 []


Underfull \hbox (badness 10000) in paragraph at lines 95--98

 []

[37 <./Figures/DB-1.jpeg>]
Underfull \hbox (badness 10000) in paragraph at lines 99--100

 []

[38 <./Figures/DB-2.jpeg>]
Underfull \hbox (badness 10000) in paragraph at lines 126--127

 []


Underfull \hbox (badness 10000) in paragraph at lines 130--131

 []

[39]) [40]
\openout2 = `Chapter6.aux'.

 (Chapter6.tex
Chapter 6.
<Figures/UITesting1.png, id=252, 473.51906pt x 339.51843pt>
File: Figures/UITesting1.png Graphic file (type png)
<use Figures/UITesting1.png>
Package pdftex.def Info: Figures/UITesting1.png  used on input line 7.
(pdftex.def)             Requested size: 341.43437pt x 244.82089pt.
<Figures/UsabilityTesting1.png, id=253, 347.79938pt x 369.63094pt>
File: Figures/UsabilityTesting1.png Graphic file (type png)
<use Figures/UsabilityTesting1.png>
Package pdftex.def Info: Figures/UsabilityTesting1.png  used on input line 15.
(pdftex.def)             Requested size: 341.43437pt x 362.8788pt.
<Figures/UsabilityTesting2.png, id=254, 343.2825pt x 286.06876pt>
File: Figures/UsabilityTesting2.png Graphic file (type png)
<use Figures/UsabilityTesting2.png>
Package pdftex.def Info: Figures/UsabilityTesting2.png  used on input line 16.
(pdftex.def)             Requested size: 341.43437pt x 284.52718pt.

LaTeX Warning: Float too large for page by 17.99226pt on input line 18.

<Figures/UsabilityTesting3.png, id=255, 345.54094pt x 155.07938pt>
File: Figures/UsabilityTesting3.png Graphic file (type png)
<use Figures/UsabilityTesting3.png>
Package pdftex.def Info: Figures/UsabilityTesting3.png  used on input line 22.
(pdftex.def)             Requested size: 341.43437pt x 153.23798pt.
<Figures/PFTesting.png, id=256, 348.55219pt x 146.04562pt>
File: Figures/PFTesting.png Graphic file (type png)
<use Figures/PFTesting.png>
Package pdftex.def Info: Figures/PFTesting.png  used on input line 29.
(pdftex.def)             Requested size: 341.43437pt x 143.07022pt.
<Figures/CompatibilityTesting.png, id=257, 346.29375pt x 126.4725pt>
File: Figures/CompatibilityTesting.png Graphic file (type png)
<use Figures/CompatibilityTesting.png>
Package pdftex.def Info: Figures/CompatibilityTesting.png  used on input line 3
7.
(pdftex.def)             Requested size: 341.43437pt x 124.7006pt.
<Figures/EHTesting.png, id=258, 347.04657pt x 240.14719pt>
File: Figures/EHTesting.png Graphic file (type png)
<use Figures/EHTesting.png>
Package pdftex.def Info: Figures/EHTesting.png  used on input line 45.
(pdftex.def)             Requested size: 341.43437pt x 236.27336pt.
<Figures/SecurityTesting.png, id=259, 347.04657pt x 249.18094pt>
File: Figures/SecurityTesting.png Graphic file (type png)
<use Figures/SecurityTesting.png>
Package pdftex.def Info: Figures/SecurityTesting.png  used on input line 53.
(pdftex.def)             Requested size: 341.43437pt x 245.16139pt.
<Figures/InstallationTesting.png, id=260, 347.79938pt x 115.93312pt>
File: Figures/InstallationTesting.png Graphic file (type png)
<use Figures/InstallationTesting.png>
Package pdftex.def Info: Figures/InstallationTesting.png  used on input line 61
.
(pdftex.def)             Requested size: 341.43437pt x 113.81534pt.
) [41



 <./Figures/UITesting1.png>] [42 <./Figures/UsabilityTesting1.png> <./Figures/U
sabilityTesting2.png>] [43 <./Figures/UsabilityTesting3.png> <./Figures/PFTesti
ng.png> <./Figures/CompatibilityTesting.png>] [44 <./Figures/EHTesting.png> <./
Figures/SecurityTesting.png>] [45 <./Figures/InstallationTesting.png>]
\openout2 = `Chapter7.aux'.


(Chapter7.tex
Chapter 7.

Underfull \hbox (badness 10000) in paragraph at lines 4--5

 []


Underfull \hbox (badness 10000) in paragraph at lines 6--7

 []


Underfull \hbox (badness 10000) in paragraph at lines 8--9

 []


Underfull \hbox (badness 10000) in paragraph at lines 10--11

 []

[46



]
Underfull \hbox (badness 10000) in paragraph at lines 21--22

 []


Underfull \hbox (badness 10000) in paragraph at lines 23--24

 []


Underfull \hbox (badness 10000) in paragraph at lines 31--32

 []


Underfull \hbox (badness 10000) in paragraph at lines 33--34

 []

) [47]
\openout2 = `Bibliography.aux'.

 (Bibliography.tex) [48



]
\openout2 = `Appendix1.aux'.

 (Appendix1.tex
Appendix A.

Underfull \hbox (badness 10000) in paragraph at lines 4--5

 []


Overfull \hbox (7.5583pt too wide) in paragraph at lines 6--7
[]\OT1/cmr/m/n/12 After con-fir-ma-tion the user en-ters the ap-pli-ca-tion and
 chooses be-tween driver/rider
 []


Underfull \hbox (badness 10000) in paragraph at lines 6--7

 []


Underfull \hbox (badness 10000) in paragraph at lines 8--9

 []

) [49



]
\openout2 = `Appendix2.aux'.

 (Appendix2.tex
Appendix B.

Underfull \hbox (badness 10000) in paragraph at lines 4--13

 []

[50



]
Underfull \hbox (badness 10000) in paragraph at lines 14--31

 []

) [51]
\openout2 = `Appendix3.aux'.

 (Appendix3.tex
Appendix C.
[52



]) [53] ("FYP Report.aux" (Abstract.aux) (Acknowledgement.aux) (Chapter1.aux) (
Chapter2.aux) (Chapter3.aux) (Chapter4.aux) (Chapter5.aux) (Chapter6.aux)
(Chapter7.aux) (Bibliography.aux) (Appendix1.aux) (Appendix2.aux)
(Appendix3.aux))

LaTeX Warning: There were multiply-defined labels.

 ) 
Here is how much of TeX's memory you used:
 6939 strings out of 480797
 105173 string characters out of 2905362
 373009 words of memory out of 3000000
 22727 multiletter control sequences out of 15000+200000
 543168 words of font info for 65 fonts, out of 3000000 for 9000
 1141 hyphenation exceptions out of 8191
 38i,10n,54p,1351b,424s stack positions out of 5000i,500n,10000p,200000b,50000s
 <C:\Users\usama\AppData\Local\MiKTeX\2.9\fonts/pk/ljfour/jknappen/ec/dpi600\
tcrm1440.pk> <C:\Users\usama\AppData\Local\MiKTeX\2.9\fonts/pk/ljfour/jknappen/
ec/dpi600\tcrm1200.pk><C:/Program Files/MiKTeX 2.9/fonts/type1/public/amsfonts/
cm/cmbx12.pfb><C:/Program Files/MiKTeX 2.9/fonts/type1/public/amsfonts/cm/cmcsc
10.pfb><C:/Program Files/MiKTeX 2.9/fonts/type1/public/amsfonts/cm/cmr10.pfb><C
:/Program Files/MiKTeX 2.9/fonts/type1/public/amsfonts/cm/cmr12.pfb><C:/Program
 Files/MiKTeX 2.9/fonts/type1/public/amsfonts/cm/cmtt12.pfb>
Output written on "FYP Report.pdf" (64 pages, 2967352 bytes).
PDF statistics:
 343 PDF objects out of 1000 (max. 8388607)
 0 named destinations out of 1000 (max. 500000)
 316 words of extra memory for PDF output out of 10000 (max. 10000000)

